mode: count
github.com/kardianos/rdb/ms/batch/batch.go:21.90,28.16 4 0
github.com/kardianos/rdb/ms/batch/batch.go:28.16,30.3 1 0
github.com/kardianos/rdb/ms/batch/batch.go:31.2,33.20 2 0
github.com/kardianos/rdb/ms/batch/batch.go:33.20,37.17 3 0
github.com/kardianos/rdb/ms/batch/batch.go:37.17,38.43 1 0
github.com/kardianos/rdb/ms/batch/batch.go:38.43,40.5 1 0
github.com/kardianos/rdb/ms/batch/batch.go:41.4,41.14 1 0
github.com/kardianos/rdb/ms/batch/batch.go:44.2,44.12 1 0
github.com/kardianos/rdb/ms/batch/batch.go:49.78,50.22 1 0
github.com/kardianos/rdb/ms/batch/batch.go:50.22,52.3 1 0
github.com/kardianos/rdb/ms/batch/batch.go:54.2,56.26 3 0
github.com/kardianos/rdb/ms/batch/batch.go:56.26,62.14 6 0
github.com/kardianos/rdb/ms/batch/batch.go:62.14,64.4 1 0
github.com/kardianos/rdb/ms/batch/batch.go:65.3,65.27 1 0
github.com/kardianos/rdb/ms/batch/batch.go:65.27,67.4 1 0
github.com/kardianos/rdb/ms/batch/batch.go:68.3,68.34 1 0
github.com/kardianos/rdb/ms/batch/batch.go:68.34,69.23 1 0
github.com/kardianos/rdb/ms/batch/batch.go:69.23,71.5 1 0
github.com/kardianos/rdb/ms/batch/batch.go:71.10,73.5 1 0
github.com/kardianos/rdb/ms/batch/batch.go:74.4,75.28 2 0
github.com/kardianos/rdb/ms/batch/batch.go:79.2,79.38 1 0
github.com/kardianos/rdb/ms/batch/batch.go:84.66,91.26 6 0
github.com/kardianos/rdb/ms/batch/batch.go:91.26,95.3 3 0
github.com/kardianos/rdb/ms/batch/batch.go:97.2,97.12 1 0
github.com/kardianos/rdb/ms/batch/batch.go:101.47,102.54 1 7
github.com/kardianos/rdb/ms/batch/batch.go:102.54,104.3 1 0
github.com/kardianos/rdb/ms/batch/batch.go:105.2,111.19 3 7
github.com/kardianos/rdb/ms/batch/batch.go:111.19,113.3 1 69
github.com/kardianos/rdb/ms/batch/batch.go:114.2,115.16 2 7
github.com/kardianos/rdb/ms/batch/batch.go:127.31,128.17 1 17
github.com/kardianos/rdb/ms/batch/batch.go:128.17,130.3 1 1
github.com/kardianos/rdb/ms/batch/batch.go:131.2,131.30 1 16
github.com/kardianos/rdb/ms/batch/batch.go:134.29,137.2 2 192
github.com/kardianos/rdb/ms/batch/batch.go:138.35,143.2 4 17
github.com/kardianos/rdb/ms/batch/batch.go:153.34,154.6 1 18
github.com/kardianos/rdb/ms/batch/batch.go:154.6,157.10 2 188
github.com/kardianos/rdb/ms/batch/batch.go:158.53,160.27 2 1
github.com/kardianos/rdb/ms/batch/batch.go:161.53,163.28 2 1
github.com/kardianos/rdb/ms/batch/batch.go:164.19,166.22 2 1
github.com/kardianos/rdb/ms/batch/batch.go:167.31,169.26 2 11
github.com/kardianos/rdb/ms/batch/batch.go:170.11,171.17 1 174
github.com/kardianos/rdb/ms/batch/batch.go:171.17,173.5 1 4
github.com/kardianos/rdb/ms/batch/batch.go:177.40,178.24 1 48
github.com/kardianos/rdb/ms/batch/batch.go:178.24,180.3 1 3
github.com/kardianos/rdb/ms/batch/batch.go:181.2,183.9 2 45
github.com/kardianos/rdb/ms/batch/batch.go:184.53,186.25 2 17
github.com/kardianos/rdb/ms/batch/batch.go:187.42,190.13 3 11
github.com/kardianos/rdb/ms/batch/batch.go:190.13,192.4 1 1
github.com/kardianos/rdb/ms/batch/batch.go:193.3,193.21 1 10
github.com/kardianos/rdb/ms/batch/batch.go:193.21,195.4 1 10
github.com/kardianos/rdb/ms/batch/batch.go:196.3,196.13 1 0
github.com/kardianos/rdb/ms/batch/batch.go:197.10,198.19 1 17
github.com/kardianos/rdb/ms/batch/batch.go:201.41,202.6 1 1
github.com/kardianos/rdb/ms/batch/batch.go:202.6,205.10 2 4
github.com/kardianos/rdb/ms/batch/batch.go:206.31,208.26 2 1
github.com/kardianos/rdb/ms/batch/batch.go:209.11,210.17 1 3
github.com/kardianos/rdb/ms/batch/batch.go:210.17,212.5 1 0
github.com/kardianos/rdb/ms/batch/batch.go:216.42,217.6 1 1
github.com/kardianos/rdb/ms/batch/batch.go:217.6,218.10 1 5
github.com/kardianos/rdb/ms/batch/batch.go:219.54,221.26 2 1
github.com/kardianos/rdb/ms/batch/batch.go:222.11,223.25 1 4
github.com/kardianos/rdb/ms/batch/batch.go:223.25,225.5 1 0
github.com/kardianos/rdb/ms/batch/batch.go:229.36,230.6 1 1
github.com/kardianos/rdb/ms/batch/batch.go:230.6,233.26 3 13
github.com/kardianos/rdb/ms/batch/batch.go:233.26,235.4 1 13
github.com/kardianos/rdb/ms/batch/batch.go:237.3,237.10 1 13
github.com/kardianos/rdb/ms/batch/batch.go:238.37,239.13 1 1
github.com/kardianos/rdb/ms/batch/batch.go:240.37,242.26 2 1
github.com/kardianos/rdb/ms/batch/batch.go:243.11,244.17 1 11
github.com/kardianos/rdb/ms/batch/batch.go:244.17,246.5 1 0
github.com/kardianos/rdb/ms/batch/batch.go:251.43,253.2 1 28
github.com/kardianos/rdb/ms/ssrp/ssrp.go:22.72,24.16 2 0
github.com/kardianos/rdb/ms/ssrp/ssrp.go:24.16,26.3 1 0
github.com/kardianos/rdb/ms/ssrp/ssrp.go:27.2,27.22 1 0
github.com/kardianos/rdb/ms/ssrp/ssrp.go:30.67,32.2 1 0
github.com/kardianos/rdb/ms/ssrp/ssrp.go:34.71,36.16 2 0
github.com/kardianos/rdb/ms/ssrp/ssrp.go:36.16,38.3 1 0
github.com/kardianos/rdb/ms/ssrp/ssrp.go:39.2,40.16 2 0
github.com/kardianos/rdb/ms/ssrp/ssrp.go:40.16,42.3 1 0
github.com/kardianos/rdb/ms/ssrp/ssrp.go:43.2,45.16 3 0
github.com/kardianos/rdb/ms/ssrp/ssrp.go:45.16,47.3 1 0
github.com/kardianos/rdb/ms/ssrp/ssrp.go:49.2,50.9 2 0
github.com/kardianos/rdb/ms/ssrp/ssrp.go:50.9,52.3 1 0
github.com/kardianos/rdb/ms/ssrp/ssrp.go:52.8,57.3 4 0
github.com/kardianos/rdb/ms/ssrp/ssrp.go:59.2,63.25 3 0
github.com/kardianos/rdb/ms/ssrp/ssrp.go:63.25,65.17 2 0
github.com/kardianos/rdb/ms/ssrp/ssrp.go:65.17,67.4 1 0
github.com/kardianos/rdb/ms/ssrp/ssrp.go:68.3,69.17 2 0
github.com/kardianos/rdb/ms/ssrp/ssrp.go:69.17,71.4 1 0
github.com/kardianos/rdb/ms/ssrp/ssrp.go:72.3,73.17 2 0
github.com/kardianos/rdb/ms/ssrp/ssrp.go:73.17,75.4 1 0
github.com/kardianos/rdb/ms/ssrp/ssrp.go:76.3,76.18 1 0
github.com/kardianos/rdb/ms/ssrp/ssrp.go:76.18,77.9 1 0
github.com/kardianos/rdb/ms/ssrp/ssrp.go:79.3,79.37 1 0
github.com/kardianos/rdb/ms/ssrp/ssrp.go:81.2,81.17 1 0
github.com/kardianos/rdb/ms/ssrp/ssrp.go:81.17,83.3 1 0
github.com/kardianos/rdb/ms/ssrp/ssrp.go:85.2,85.18 1 0
github.com/kardianos/rdb/ms/ssrp/ssrp.go:96.71,98.16 2 0
github.com/kardianos/rdb/ms/ssrp/ssrp.go:98.16,100.3 1 0
github.com/kardianos/rdb/ms/ssrp/ssrp.go:101.2,102.16 2 0
github.com/kardianos/rdb/ms/ssrp/ssrp.go:102.16,104.3 1 0
github.com/kardianos/rdb/ms/ssrp/ssrp.go:105.2,105.11 1 0
github.com/kardianos/rdb/ms/ssrp/ssrp.go:105.11,107.3 1 0
github.com/kardianos/rdb/ms/ssrp/ssrp.go:108.2,108.16 1 0
github.com/kardianos/rdb/ms/ssrp/ssrp.go:108.16,110.3 1 0
github.com/kardianos/rdb/ms/ssrp/ssrp.go:111.2,112.19 2 0
github.com/kardianos/rdb/ms/ssrp/ssrp.go:112.19,114.3 1 0
github.com/kardianos/rdb/ms/ssrp/ssrp.go:116.2,124.39 6 0
github.com/kardianos/rdb/ms/ssrp/ssrp.go:124.39,127.14 3 0
github.com/kardianos/rdb/ms/ssrp/ssrp.go:128.11,129.19 1 0
github.com/kardianos/rdb/ms/ssrp/ssrp.go:129.19,130.15 1 0
github.com/kardianos/rdb/ms/ssrp/ssrp.go:132.4,134.7 3 0
github.com/kardianos/rdb/ms/ssrp/ssrp.go:135.21,136.42 1 0
github.com/kardianos/rdb/ms/ssrp/ssrp.go:137.23,138.44 1 0
github.com/kardianos/rdb/ms/ssrp/ssrp.go:139.14,140.58 1 0
github.com/kardianos/rdb/ms/ssrp/ssrp.go:141.13,142.45 1 0
github.com/kardianos/rdb/ms/ssrp/ssrp.go:145.2,145.22 1 0
github.com/kardianos/rdb/ms/internal/testcert/testcert.go:37.73,39.16 2 0
github.com/kardianos/rdb/ms/internal/testcert/testcert.go:39.16,41.3 1 0
github.com/kardianos/rdb/ms/internal/testcert/testcert.go:43.2,44.16 2 0
github.com/kardianos/rdb/ms/internal/testcert/testcert.go:44.16,46.3 1 0
github.com/kardianos/rdb/ms/internal/testcert/testcert.go:48.2,64.16 4 0
github.com/kardianos/rdb/ms/internal/testcert/testcert.go:64.16,66.3 1 0
github.com/kardianos/rdb/ms/internal/testcert/testcert.go:68.2,69.16 2 0
github.com/kardianos/rdb/ms/internal/testcert/testcert.go:69.16,71.3 1 0
github.com/kardianos/rdb/ms/internal/testcert/testcert.go:73.2,76.16 3 0
github.com/kardianos/rdb/ms/internal/testcert/testcert.go:76.16,78.3 1 0
github.com/kardianos/rdb/ms/internal/testcert/testcert.go:79.2,86.8 2 0
github.com/kardianos/rdb/ms/internal/testcert/testcert.go:91.128,93.16 2 0
github.com/kardianos/rdb/ms/internal/testcert/testcert.go:93.16,95.3 1 0
github.com/kardianos/rdb/ms/internal/testcert/testcert.go:97.2,98.16 2 0
github.com/kardianos/rdb/ms/internal/testcert/testcert.go:98.16,100.3 1 0
github.com/kardianos/rdb/ms/internal/testcert/testcert.go:102.2,120.16 4 0
github.com/kardianos/rdb/ms/internal/testcert/testcert.go:120.16,122.3 1 0
github.com/kardianos/rdb/ms/internal/testcert/testcert.go:124.2,125.16 2 0
github.com/kardianos/rdb/ms/internal/testcert/testcert.go:125.16,127.3 1 0
github.com/kardianos/rdb/ms/internal/testcert/testcert.go:129.2,132.16 3 0
github.com/kardianos/rdb/ms/internal/testcert/testcert.go:132.16,134.3 1 0
github.com/kardianos/rdb/ms/internal/testcert/testcert.go:135.2,143.8 2 0
github.com/kardianos/rdb/ms/internal/testcert/testcert.go:148.41,152.2 3 0
github.com/kardianos/rdb/ms/bulk.go:27.65,28.27 1 37
github.com/kardianos/rdb/ms/bulk.go:28.27,30.3 1 0
github.com/kardianos/rdb/ms/bulk.go:31.2,31.25 1 37
github.com/kardianos/rdb/ms/bulk.go:31.25,33.3 1 0
github.com/kardianos/rdb/ms/bulk.go:34.2,38.30 5 37
github.com/kardianos/rdb/ms/bulk.go:38.30,39.12 1 99
github.com/kardianos/rdb/ms/bulk.go:39.12,41.4 1 62
github.com/kardianos/rdb/ms/bulk.go:42.3,43.13 2 99
github.com/kardianos/rdb/ms/bulk.go:43.13,45.4 1 0
github.com/kardianos/rdb/ms/bulk.go:46.3,50.22 5 99
github.com/kardianos/rdb/ms/bulk.go:52.2,54.30 3 37
github.com/kardianos/rdb/ms/bulk.go:54.30,55.21 1 66
github.com/kardianos/rdb/ms/bulk.go:55.21,57.4 1 33
github.com/kardianos/rdb/ms/bulk.go:57.9,59.4 1 33
github.com/kardianos/rdb/ms/bulk.go:60.3,62.21 3 66
github.com/kardianos/rdb/ms/bulk.go:64.2,64.24 1 37
github.com/kardianos/rdb/ms/bulk.go:64.24,66.3 1 0
github.com/kardianos/rdb/ms/bulk.go:67.2,67.20 1 37
github.com/kardianos/rdb/ms/bulk.go:67.20,69.3 1 0
github.com/kardianos/rdb/ms/bulk.go:70.2,70.17 1 37
github.com/kardianos/rdb/ms/bulk.go:70.17,72.3 1 0
github.com/kardianos/rdb/ms/bulk.go:73.2,73.15 1 37
github.com/kardianos/rdb/ms/bulk.go:73.15,75.3 1 33
github.com/kardianos/rdb/ms/bulk.go:76.2,76.22 1 37
github.com/kardianos/rdb/ms/bulk.go:76.22,78.3 1 0
github.com/kardianos/rdb/ms/bulk.go:79.2,79.24 1 37
github.com/kardianos/rdb/ms/bulk.go:79.24,81.3 1 33
github.com/kardianos/rdb/ms/bulk.go:82.2,82.19 1 37
github.com/kardianos/rdb/ms/bulk.go:82.19,84.3 1 33
github.com/kardianos/rdb/ms/bulk.go:86.2,88.28 3 37
github.com/kardianos/rdb/ms/bulk.go:90.60,91.30 1 1210137
github.com/kardianos/rdb/ms/bulk.go:91.30,93.3 1 0
github.com/kardianos/rdb/ms/bulk.go:94.2,94.56 1 1210137
github.com/kardianos/rdb/ms/bulk.go:94.56,96.3 1 30
github.com/kardianos/rdb/ms/bulk.go:97.2,97.19 1 1210107
github.com/kardianos/rdb/ms/coder.go:27.46,29.2 1 21
github.com/kardianos/rdb/ms/coder.go:31.76,36.9 2 870
github.com/kardianos/rdb/ms/coder.go:37.16,40.12 3 623
github.com/kardianos/rdb/ms/coder.go:40.12,42.4 1 522
github.com/kardianos/rdb/ms/coder.go:42.9,44.16 2 101
github.com/kardianos/rdb/ms/coder.go:44.16,47.5 1 96
github.com/kardianos/rdb/ms/coder.go:51.3,51.17 1 623
github.com/kardianos/rdb/ms/coder.go:52.10,53.34 1 0
github.com/kardianos/rdb/ms/coder.go:54.10,55.37 1 623
github.com/kardianos/rdb/ms/coder.go:56.10,57.29 1 0
github.com/kardianos/rdb/ms/coder.go:59.3,59.16 1 623
github.com/kardianos/rdb/ms/coder.go:59.16,63.4 2 615
github.com/kardianos/rdb/ms/coder.go:64.24,65.20 1 122
github.com/kardianos/rdb/ms/coder.go:66.24,67.20 1 9
github.com/kardianos/rdb/ms/coder.go:68.17,70.17 2 23
github.com/kardianos/rdb/ms/coder.go:70.17,72.4 1 0
github.com/kardianos/rdb/ms/coder.go:73.3,75.33 3 23
github.com/kardianos/rdb/ms/coder.go:76.26,77.20 1 37
github.com/kardianos/rdb/ms/coder.go:78.29,79.20 1 3
github.com/kardianos/rdb/ms/coder.go:80.18,81.17 1 53
github.com/kardianos/rdb/ms/coder.go:82.10,82.10 0 11
github.com/kardianos/rdb/ms/coder.go:83.10,84.18 1 42
github.com/kardianos/rdb/ms/coder.go:87.2,87.12 1 870
github.com/kardianos/rdb/ms/coder.go:95.135,97.53 2 3621071
github.com/kardianos/rdb/ms/coder.go:97.53,99.3 1 32
github.com/kardianos/rdb/ms/coder.go:101.2,101.9 1 3621071
github.com/kardianos/rdb/ms/coder.go:102.10,103.64 1 0
github.com/kardianos/rdb/ms/coder.go:104.16,109.28 1 3610836
github.com/kardianos/rdb/ms/coder.go:110.16,111.14 1 2
github.com/kardianos/rdb/ms/coder.go:112.16,113.14 1 1
github.com/kardianos/rdb/ms/coder.go:115.3,117.27 3 3610836
github.com/kardianos/rdb/ms/coder.go:117.27,120.4 2 10510
github.com/kardianos/rdb/ms/coder.go:120.9,122.16 2 3600326
github.com/kardianos/rdb/ms/coder.go:122.16,125.5 1 3600321
github.com/kardianos/rdb/ms/coder.go:127.3,127.13 1 3610836
github.com/kardianos/rdb/ms/coder.go:127.13,128.17 1 10510
github.com/kardianos/rdb/ms/coder.go:128.17,131.5 2 2
github.com/kardianos/rdb/ms/coder.go:132.4,132.43 1 10508
github.com/kardianos/rdb/ms/coder.go:132.43,138.9 5 0
github.com/kardianos/rdb/ms/coder.go:138.9,140.20 2 0
github.com/kardianos/rdb/ms/coder.go:140.20,141.24 1 0
github.com/kardianos/rdb/ms/coder.go:141.24,142.13 1 0
github.com/kardianos/rdb/ms/coder.go:144.7,144.17 1 0
github.com/kardianos/rdb/ms/coder.go:147.6,148.18 2 0
github.com/kardianos/rdb/ms/coder.go:148.18,150.7 1 0
github.com/kardianos/rdb/ms/coder.go:151.6,155.20 3 0
github.com/kardianos/rdb/ms/coder.go:155.20,157.7 1 0
github.com/kardianos/rdb/ms/coder.go:160.5,161.15 2 0
github.com/kardianos/rdb/ms/coder.go:163.4,164.29 2 10508
github.com/kardianos/rdb/ms/coder.go:165.16,166.17 1 10021
github.com/kardianos/rdb/ms/coder.go:166.17,168.6 1 10020
github.com/kardianos/rdb/ms/coder.go:168.11,170.6 1 1
github.com/kardianos/rdb/ms/coder.go:171.16,172.17 1 487
github.com/kardianos/rdb/ms/coder.go:172.17,174.6 1 483
github.com/kardianos/rdb/ms/coder.go:174.11,176.6 1 4
github.com/kardianos/rdb/ms/coder.go:177.12,180.14 3 0
github.com/kardianos/rdb/ms/coder.go:181.13,182.82 1 0
github.com/kardianos/rdb/ms/coder.go:183.24,185.18 2 0
github.com/kardianos/rdb/ms/coder.go:185.18,187.7 1 0
github.com/kardianos/rdb/ms/coder.go:187.12,189.7 1 0
github.com/kardianos/rdb/ms/coder.go:190.25,191.18 1 0
github.com/kardianos/rdb/ms/coder.go:191.18,193.7 1 0
github.com/kardianos/rdb/ms/coder.go:193.12,195.7 1 0
github.com/kardianos/rdb/ms/coder.go:196.24,197.18 1 0
github.com/kardianos/rdb/ms/coder.go:197.18,199.7 1 0
github.com/kardianos/rdb/ms/coder.go:199.12,201.7 1 0
github.com/kardianos/rdb/ms/coder.go:204.4,204.22 1 10508
github.com/kardianos/rdb/ms/coder.go:204.22,207.5 2 0
github.com/kardianos/rdb/ms/coder.go:208.4,208.25 1 10508
github.com/kardianos/rdb/ms/coder.go:208.25,212.5 3 2
github.com/kardianos/rdb/ms/coder.go:214.4,218.14 5 10506
github.com/kardianos/rdb/ms/coder.go:221.3,221.16 1 3600326
github.com/kardianos/rdb/ms/coder.go:221.16,224.4 2 5
github.com/kardianos/rdb/ms/coder.go:227.3,228.10 2 3600321
github.com/kardianos/rdb/ms/coder.go:229.17,230.29 1 3600321
github.com/kardianos/rdb/ms/coder.go:231.16,232.17 1 3600317
github.com/kardianos/rdb/ms/coder.go:232.17,234.6 1 3600316
github.com/kardianos/rdb/ms/coder.go:234.11,236.6 1 1
github.com/kardianos/rdb/ms/coder.go:237.16,238.17 1 3
github.com/kardianos/rdb/ms/coder.go:238.17,240.6 1 2
github.com/kardianos/rdb/ms/coder.go:240.11,242.6 1 1
github.com/kardianos/rdb/ms/coder.go:243.12,246.14 3 1
github.com/kardianos/rdb/ms/coder.go:247.13,248.82 1 0
github.com/kardianos/rdb/ms/coder.go:249.24,251.18 2 0
github.com/kardianos/rdb/ms/coder.go:251.18,253.7 1 0
github.com/kardianos/rdb/ms/coder.go:253.12,255.7 1 0
github.com/kardianos/rdb/ms/coder.go:256.25,257.18 1 1
github.com/kardianos/rdb/ms/coder.go:257.18,259.7 1 1
github.com/kardianos/rdb/ms/coder.go:259.12,261.7 1 0
github.com/kardianos/rdb/ms/coder.go:262.24,263.18 1 0
github.com/kardianos/rdb/ms/coder.go:263.18,265.7 1 0
github.com/kardianos/rdb/ms/coder.go:265.12,267.7 1 0
github.com/kardianos/rdb/ms/coder.go:271.4,272.37 2 3600321
github.com/kardianos/rdb/ms/coder.go:272.37,273.21 1 2
github.com/kardianos/rdb/ms/coder.go:273.21,275.6 1 0
github.com/kardianos/rdb/ms/coder.go:276.5,277.34 2 2
github.com/kardianos/rdb/ms/coder.go:279.4,280.26 2 3600321
github.com/kardianos/rdb/ms/coder.go:281.11,282.63 1 0
github.com/kardianos/rdb/ms/coder.go:284.3,284.13 1 3600321
github.com/kardianos/rdb/ms/coder.go:285.24,286.16 1 10110
github.com/kardianos/rdb/ms/coder.go:286.16,289.4 2 9
github.com/kardianos/rdb/ms/coder.go:290.3,291.15 2 10101
github.com/kardianos/rdb/ms/coder.go:292.10,293.29 1 20
github.com/kardianos/rdb/ms/coder.go:294.14,295.25 1 1
github.com/kardianos/rdb/ms/coder.go:296.14,297.19 1 4
github.com/kardianos/rdb/ms/coder.go:298.15,299.25 1 1
github.com/kardianos/rdb/ms/coder.go:300.16,301.25 1 1
github.com/kardianos/rdb/ms/coder.go:302.15,303.25 1 1
github.com/kardianos/rdb/ms/coder.go:304.16,305.25 1 1
github.com/kardianos/rdb/ms/coder.go:306.15,307.25 1 1
github.com/kardianos/rdb/ms/coder.go:308.16,309.25 1 1
github.com/kardianos/rdb/ms/coder.go:310.13,311.25 1 1
github.com/kardianos/rdb/ms/coder.go:312.14,313.25 1 1
github.com/kardianos/rdb/ms/coder.go:314.17,315.25 1 1
github.com/kardianos/rdb/ms/coder.go:316.17,317.25 1 1
github.com/kardianos/rdb/ms/coder.go:318.16,320.19 2 1
github.com/kardianos/rdb/ms/coder.go:320.19,322.6 1 0
github.com/kardianos/rdb/ms/coder.go:323.5,323.26 1 1
github.com/kardianos/rdb/ms/coder.go:325.15,326.26 1 1
github.com/kardianos/rdb/ms/coder.go:327.15,328.20 1 1
github.com/kardianos/rdb/ms/coder.go:329.16,330.26 1 1
github.com/kardianos/rdb/ms/coder.go:331.17,332.26 1 0
github.com/kardianos/rdb/ms/coder.go:333.16,334.26 1 0
github.com/kardianos/rdb/ms/coder.go:335.17,336.26 1 0
github.com/kardianos/rdb/ms/coder.go:337.16,338.26 1 0
github.com/kardianos/rdb/ms/coder.go:339.17,340.26 1 0
github.com/kardianos/rdb/ms/coder.go:341.14,342.26 1 0
github.com/kardianos/rdb/ms/coder.go:343.15,344.26 1 0
github.com/kardianos/rdb/ms/coder.go:345.18,346.26 1 0
github.com/kardianos/rdb/ms/coder.go:347.18,348.26 1 0
github.com/kardianos/rdb/ms/coder.go:349.12,351.12 2 1
github.com/kardianos/rdb/ms/coder.go:352.13,353.73 1 0
github.com/kardianos/rdb/ms/coder.go:354.22,355.33 1 0
github.com/kardianos/rdb/ms/coder.go:356.38,358.20 2 1
github.com/kardianos/rdb/ms/coder.go:358.20,360.7 1 0
github.com/kardianos/rdb/ms/coder.go:361.6,361.27 1 1
github.com/kardianos/rdb/ms/coder.go:364.10,365.29 1 21
github.com/kardianos/rdb/ms/coder.go:366.14,367.29 1 1
github.com/kardianos/rdb/ms/coder.go:368.14,369.29 1 1
github.com/kardianos/rdb/ms/coder.go:370.15,371.29 1 5
github.com/kardianos/rdb/ms/coder.go:372.16,373.29 1 0
github.com/kardianos/rdb/ms/coder.go:374.15,375.29 1 1
github.com/kardianos/rdb/ms/coder.go:376.16,377.29 1 0
github.com/kardianos/rdb/ms/coder.go:378.15,379.29 1 1
github.com/kardianos/rdb/ms/coder.go:380.16,381.29 1 0
github.com/kardianos/rdb/ms/coder.go:382.13,383.29 1 1
github.com/kardianos/rdb/ms/coder.go:384.14,385.29 1 1
github.com/kardianos/rdb/ms/coder.go:386.17,387.29 1 1
github.com/kardianos/rdb/ms/coder.go:388.17,389.29 1 1
github.com/kardianos/rdb/ms/coder.go:390.16,392.19 2 1
github.com/kardianos/rdb/ms/coder.go:392.19,394.6 1 0
github.com/kardianos/rdb/ms/coder.go:395.5,395.30 1 1
github.com/kardianos/rdb/ms/coder.go:397.15,398.30 1 1
github.com/kardianos/rdb/ms/coder.go:399.15,400.30 1 0
github.com/kardianos/rdb/ms/coder.go:401.16,402.30 1 1
github.com/kardianos/rdb/ms/coder.go:403.17,404.30 1 1
github.com/kardianos/rdb/ms/coder.go:405.16,406.30 1 1
github.com/kardianos/rdb/ms/coder.go:407.17,408.30 1 0
github.com/kardianos/rdb/ms/coder.go:409.16,410.30 1 0
github.com/kardianos/rdb/ms/coder.go:411.17,412.30 1 0
github.com/kardianos/rdb/ms/coder.go:413.14,414.30 1 0
github.com/kardianos/rdb/ms/coder.go:415.15,416.30 1 0
github.com/kardianos/rdb/ms/coder.go:417.18,418.30 1 1
github.com/kardianos/rdb/ms/coder.go:419.18,420.30 1 1
github.com/kardianos/rdb/ms/coder.go:421.12,423.12 2 1
github.com/kardianos/rdb/ms/coder.go:424.13,425.75 1 0
github.com/kardianos/rdb/ms/coder.go:426.22,427.37 1 0
github.com/kardianos/rdb/ms/coder.go:428.38,430.20 2 1
github.com/kardianos/rdb/ms/coder.go:430.20,432.7 1 0
github.com/kardianos/rdb/ms/coder.go:433.6,433.31 1 1
github.com/kardianos/rdb/ms/coder.go:436.10,437.29 1 28
github.com/kardianos/rdb/ms/coder.go:438.14,439.29 1 1
github.com/kardianos/rdb/ms/coder.go:440.14,441.29 1 1
github.com/kardianos/rdb/ms/coder.go:442.15,443.29 1 1
github.com/kardianos/rdb/ms/coder.go:444.16,445.29 1 1
github.com/kardianos/rdb/ms/coder.go:446.15,447.29 1 4
github.com/kardianos/rdb/ms/coder.go:448.16,449.29 1 1
github.com/kardianos/rdb/ms/coder.go:450.15,451.29 1 1
github.com/kardianos/rdb/ms/coder.go:452.16,453.29 1 1
github.com/kardianos/rdb/ms/coder.go:454.13,455.29 1 2
github.com/kardianos/rdb/ms/coder.go:456.14,457.29 1 1
github.com/kardianos/rdb/ms/coder.go:458.17,459.29 1 1
github.com/kardianos/rdb/ms/coder.go:460.17,461.29 1 1
github.com/kardianos/rdb/ms/coder.go:462.16,464.19 2 1
github.com/kardianos/rdb/ms/coder.go:464.19,466.6 1 0
github.com/kardianos/rdb/ms/coder.go:467.5,467.30 1 1
github.com/kardianos/rdb/ms/coder.go:469.15,470.30 1 1
github.com/kardianos/rdb/ms/coder.go:471.15,472.30 1 0
github.com/kardianos/rdb/ms/coder.go:473.16,474.30 1 1
github.com/kardianos/rdb/ms/coder.go:475.17,476.30 1 0
github.com/kardianos/rdb/ms/coder.go:477.16,478.30 1 1
github.com/kardianos/rdb/ms/coder.go:479.17,480.30 1 1
github.com/kardianos/rdb/ms/coder.go:481.16,482.30 1 0
github.com/kardianos/rdb/ms/coder.go:483.17,484.30 1 0
github.com/kardianos/rdb/ms/coder.go:485.14,486.30 1 2
github.com/kardianos/rdb/ms/coder.go:487.15,488.30 1 1
github.com/kardianos/rdb/ms/coder.go:489.18,490.30 1 1
github.com/kardianos/rdb/ms/coder.go:491.18,492.30 1 1
github.com/kardianos/rdb/ms/coder.go:493.12,495.12 2 2
github.com/kardianos/rdb/ms/coder.go:496.13,497.75 1 0
github.com/kardianos/rdb/ms/coder.go:498.22,499.37 1 1
github.com/kardianos/rdb/ms/coder.go:500.38,502.20 2 1
github.com/kardianos/rdb/ms/coder.go:502.20,504.7 1 0
github.com/kardianos/rdb/ms/coder.go:505.6,505.31 1 1
github.com/kardianos/rdb/ms/coder.go:508.10,509.29 1 10032
github.com/kardianos/rdb/ms/coder.go:510.14,511.29 1 1
github.com/kardianos/rdb/ms/coder.go:512.14,513.29 1 1
github.com/kardianos/rdb/ms/coder.go:514.15,515.29 1 1
github.com/kardianos/rdb/ms/coder.go:516.16,517.29 1 1
github.com/kardianos/rdb/ms/coder.go:518.15,519.29 1 1
github.com/kardianos/rdb/ms/coder.go:520.16,521.29 1 1
github.com/kardianos/rdb/ms/coder.go:522.15,523.29 1 5
github.com/kardianos/rdb/ms/coder.go:524.16,525.29 1 1
github.com/kardianos/rdb/ms/coder.go:526.13,527.29 1 4
github.com/kardianos/rdb/ms/coder.go:528.14,529.29 1 1
github.com/kardianos/rdb/ms/coder.go:530.17,531.29 1 1
github.com/kardianos/rdb/ms/coder.go:532.17,533.29 1 1
github.com/kardianos/rdb/ms/coder.go:534.16,536.19 2 10001
github.com/kardianos/rdb/ms/coder.go:536.19,538.6 1 0
github.com/kardianos/rdb/ms/coder.go:539.5,539.30 1 10001
github.com/kardianos/rdb/ms/coder.go:541.15,542.30 1 1
github.com/kardianos/rdb/ms/coder.go:543.15,544.30 1 0
github.com/kardianos/rdb/ms/coder.go:545.16,546.30 1 1
github.com/kardianos/rdb/ms/coder.go:547.17,548.30 1 0
github.com/kardianos/rdb/ms/coder.go:549.16,550.30 1 1
github.com/kardianos/rdb/ms/coder.go:551.17,552.30 1 0
github.com/kardianos/rdb/ms/coder.go:553.16,554.30 1 1
github.com/kardianos/rdb/ms/coder.go:555.17,556.30 1 1
github.com/kardianos/rdb/ms/coder.go:557.14,558.30 1 2
github.com/kardianos/rdb/ms/coder.go:559.15,560.30 1 1
github.com/kardianos/rdb/ms/coder.go:561.18,562.30 1 1
github.com/kardianos/rdb/ms/coder.go:563.18,564.30 1 1
github.com/kardianos/rdb/ms/coder.go:565.12,567.12 2 2
github.com/kardianos/rdb/ms/coder.go:568.13,569.75 1 0
github.com/kardianos/rdb/ms/coder.go:570.22,571.37 1 1
github.com/kardianos/rdb/ms/coder.go:572.38,574.20 2 1
github.com/kardianos/rdb/ms/coder.go:574.20,576.7 1 0
github.com/kardianos/rdb/ms/coder.go:577.6,577.31 1 1
github.com/kardianos/rdb/ms/coder.go:581.3,581.13 1 10101
github.com/kardianos/rdb/ms/coder.go:582.24,583.16 1 9
github.com/kardianos/rdb/ms/coder.go:583.16,586.4 2 3
github.com/kardianos/rdb/ms/coder.go:587.3,589.28 2 6
github.com/kardianos/rdb/ms/coder.go:590.14,591.14 1 1
github.com/kardianos/rdb/ms/coder.go:593.3,594.28 2 6
github.com/kardianos/rdb/ms/coder.go:595.13,596.9 1 4
github.com/kardianos/rdb/ms/coder.go:596.9,598.5 1 2
github.com/kardianos/rdb/ms/coder.go:599.11,601.33 2 2
github.com/kardianos/rdb/ms/coder.go:601.33,602.18 1 2
github.com/kardianos/rdb/ms/coder.go:602.18,604.6 1 1
github.com/kardianos/rdb/ms/coder.go:605.10,607.5 1 0
github.com/kardianos/rdb/ms/coder.go:609.3,610.13 2 6
github.com/kardianos/rdb/ms/coder.go:611.17,616.16 1 23
github.com/kardianos/rdb/ms/coder.go:616.16,619.4 2 4
github.com/kardianos/rdb/ms/coder.go:620.3,625.28 4 19
github.com/kardianos/rdb/ms/coder.go:626.11,628.30 1 0
github.com/kardianos/rdb/ms/coder.go:628.30,630.5 1 0
github.com/kardianos/rdb/ms/coder.go:631.4,631.64 1 0
github.com/kardianos/rdb/ms/coder.go:632.18,633.29 1 1
github.com/kardianos/rdb/ms/coder.go:633.29,636.5 2 0
github.com/kardianos/rdb/ms/coder.go:637.4,637.12 1 1
github.com/kardianos/rdb/ms/coder.go:638.17,639.16 1 18
github.com/kardianos/rdb/ms/coder.go:639.16,642.5 2 0
github.com/kardianos/rdb/ms/coder.go:643.4,643.11 1 18
github.com/kardianos/rdb/ms/coder.go:645.3,648.21 3 19
github.com/kardianos/rdb/ms/coder.go:648.21,650.4 1 18
github.com/kardianos/rdb/ms/coder.go:656.3,662.19 7 19
github.com/kardianos/rdb/ms/coder.go:662.19,664.4 1 0
github.com/kardianos/rdb/ms/coder.go:667.3,669.10 3 19
github.com/kardianos/rdb/ms/coder.go:670.21,671.15 1 11
github.com/kardianos/rdb/ms/coder.go:672.21,673.15 1 3
github.com/kardianos/rdb/ms/coder.go:674.22,675.16 1 3
github.com/kardianos/rdb/ms/coder.go:676.22,677.16 1 2
github.com/kardianos/rdb/ms/coder.go:679.3,683.22 5 19
github.com/kardianos/rdb/ms/coder.go:683.22,685.4 1 9
github.com/kardianos/rdb/ms/coder.go:686.3,686.13 1 19
github.com/kardianos/rdb/ms/coder.go:687.26,688.16 1 37
github.com/kardianos/rdb/ms/coder.go:688.16,691.4 2 5
github.com/kardianos/rdb/ms/coder.go:692.3,695.28 3 32
github.com/kardianos/rdb/ms/coder.go:696.16,697.27 1 6
github.com/kardianos/rdb/ms/coder.go:698.16,699.27 1 7
github.com/kardianos/rdb/ms/coder.go:700.13,701.27 1 1
github.com/kardianos/rdb/ms/coder.go:702.13,703.27 1 1
github.com/kardianos/rdb/ms/coder.go:704.15,705.27 1 1
github.com/kardianos/rdb/ms/coder.go:706.14,707.27 1 1
github.com/kardianos/rdb/ms/coder.go:708.15,709.27 1 1
github.com/kardianos/rdb/ms/coder.go:710.14,711.27 1 1
github.com/kardianos/rdb/ms/coder.go:712.15,713.27 1 1
github.com/kardianos/rdb/ms/coder.go:714.14,715.27 1 1
github.com/kardianos/rdb/ms/coder.go:716.17,717.31 1 0
github.com/kardianos/rdb/ms/coder.go:719.17,720.28 1 1
github.com/kardianos/rdb/ms/coder.go:721.17,722.28 1 1
github.com/kardianos/rdb/ms/coder.go:723.14,724.28 1 1
github.com/kardianos/rdb/ms/coder.go:725.14,726.28 1 1
github.com/kardianos/rdb/ms/coder.go:727.16,728.28 1 1
github.com/kardianos/rdb/ms/coder.go:729.15,730.28 1 1
github.com/kardianos/rdb/ms/coder.go:731.16,732.28 1 1
github.com/kardianos/rdb/ms/coder.go:733.15,734.28 1 1
github.com/kardianos/rdb/ms/coder.go:735.16,736.28 1 1
github.com/kardianos/rdb/ms/coder.go:737.15,738.28 1 1
github.com/kardianos/rdb/ms/coder.go:739.18,740.34 1 0
github.com/kardianos/rdb/ms/coder.go:741.11,743.21 2 1
github.com/kardianos/rdb/ms/coder.go:743.21,745.5 1 1
github.com/kardianos/rdb/ms/coder.go:745.10,747.5 1 0
github.com/kardianos/rdb/ms/coder.go:750.3,750.16 1 32
github.com/kardianos/rdb/ms/coder.go:750.16,752.4 1 7
github.com/kardianos/rdb/ms/coder.go:752.9,754.4 1 25
github.com/kardianos/rdb/ms/coder.go:755.3,755.13 1 32
github.com/kardianos/rdb/ms/coder.go:756.29,757.16 1 3
github.com/kardianos/rdb/ms/coder.go:757.16,760.4 2 0
github.com/kardianos/rdb/ms/coder.go:761.3,763.28 2 3
github.com/kardianos/rdb/ms/coder.go:764.19,765.14 1 0
github.com/kardianos/rdb/ms/coder.go:767.3,767.28 1 3
github.com/kardianos/rdb/ms/coder.go:768.18,769.29 1 3
github.com/kardianos/rdb/ms/coder.go:769.29,771.5 1 0
github.com/kardianos/rdb/ms/coder.go:772.4,776.36 5 3
github.com/kardianos/rdb/ms/coder.go:777.11,778.65 1 0
github.com/kardianos/rdb/ms/coder.go:780.3,780.13 1 3
github.com/kardianos/rdb/ms/coder.go:781.18,782.16 1 53
github.com/kardianos/rdb/ms/coder.go:782.16,785.4 2 4
github.com/kardianos/rdb/ms/coder.go:786.3,789.32 3 49
github.com/kardianos/rdb/ms/coder.go:790.19,791.20 1 0
github.com/kardianos/rdb/ms/coder.go:791.20,793.5 1 0
github.com/kardianos/rdb/ms/coder.go:793.10,795.5 1 0
github.com/kardianos/rdb/ms/coder.go:796.18,797.13 1 42
github.com/kardianos/rdb/ms/coder.go:798.22,799.15 1 6
github.com/kardianos/rdb/ms/coder.go:800.11,801.65 1 1
github.com/kardianos/rdb/ms/coder.go:803.3,803.16 1 48
github.com/kardianos/rdb/ms/coder.go:803.16,806.4 2 0
github.com/kardianos/rdb/ms/coder.go:808.3,811.48 2 48
github.com/kardianos/rdb/ms/coder.go:811.48,814.4 2 96
github.com/kardianos/rdb/ms/coder.go:816.3,816.66 1 48
github.com/kardianos/rdb/ms/coder.go:816.66,821.16 4 48
github.com/kardianos/rdb/ms/coder.go:821.16,825.5 3 0
github.com/kardianos/rdb/ms/coder.go:826.4,827.18 2 48
github.com/kardianos/rdb/ms/coder.go:827.18,831.5 3 0
github.com/kardianos/rdb/ms/coder.go:832.4,832.10 1 48
github.com/kardianos/rdb/ms/coder.go:834.3,834.66 1 48
github.com/kardianos/rdb/ms/coder.go:834.66,842.4 7 39
github.com/kardianos/rdb/ms/coder.go:844.3,846.28 3 48
github.com/kardianos/rdb/ms/coder.go:846.28,848.4 1 16
github.com/kardianos/rdb/ms/coder.go:849.3,851.14 2 48
github.com/kardianos/rdb/ms/coder.go:851.14,857.4 5 6
github.com/kardianos/rdb/ms/coder.go:859.3,859.28 1 48
github.com/kardianos/rdb/ms/coder.go:859.28,861.4 1 39
github.com/kardianos/rdb/ms/coder.go:863.3,863.28 1 48
github.com/kardianos/rdb/ms/coder.go:863.28,867.4 3 37
github.com/kardianos/rdb/ms/coder.go:869.3,869.28 1 48
github.com/kardianos/rdb/ms/coder.go:869.28,871.4 1 16
github.com/kardianos/rdb/ms/coder.go:872.3,872.13 1 48
github.com/kardianos/rdb/ms/coder.go:881.90,886.12 4 870
github.com/kardianos/rdb/ms/coder.go:886.12,888.3 1 0
github.com/kardianos/rdb/ms/coder.go:889.2,890.12 2 870
github.com/kardianos/rdb/ms/coder.go:890.12,892.3 1 0
github.com/kardianos/rdb/ms/coder.go:893.2,893.52 1 870
github.com/kardianos/rdb/ms/coder.go:893.52,895.3 1 0
github.com/kardianos/rdb/ms/coder.go:896.2,896.16 1 870
github.com/kardianos/rdb/ms/coder.go:899.141,901.26 1 771
github.com/kardianos/rdb/ms/coder.go:901.26,903.3 1 482
github.com/kardianos/rdb/ms/coder.go:903.8,907.3 3 289
github.com/kardianos/rdb/ms/coder.go:909.2,909.15 1 771
github.com/kardianos/rdb/ms/coder.go:909.15,911.3 1 4
github.com/kardianos/rdb/ms/coder.go:911.8,913.3 1 767
github.com/kardianos/rdb/ms/coder.go:915.2,916.16 2 771
github.com/kardianos/rdb/ms/coder.go:916.16,918.3 1 0
github.com/kardianos/rdb/ms/coder.go:920.2,921.16 2 771
github.com/kardianos/rdb/ms/coder.go:921.16,923.3 1 0
github.com/kardianos/rdb/ms/coder.go:924.2,924.59 1 771
github.com/kardianos/rdb/ms/coder.go:935.47,943.2 1 635
github.com/kardianos/rdb/ms/coder.go:944.42,946.17 2 105
github.com/kardianos/rdb/ms/coder.go:946.17,948.3 1 4
github.com/kardianos/rdb/ms/coder.go:949.2,949.15 1 105
github.com/kardianos/rdb/ms/coder.go:949.15,951.3 1 2
github.com/kardianos/rdb/ms/coder.go:952.2,952.24 1 105
github.com/kardianos/rdb/ms/coder.go:952.24,954.3 1 2
github.com/kardianos/rdb/ms/coder.go:955.2,955.12 1 105
github.com/kardianos/rdb/ms/coder.go:955.12,957.3 1 4
github.com/kardianos/rdb/ms/coder.go:958.2,958.24 1 105
github.com/kardianos/rdb/ms/coder.go:958.24,960.3 1 4
github.com/kardianos/rdb/ms/coder.go:961.2,961.23 1 105
github.com/kardianos/rdb/ms/coder.go:964.58,970.9 5 632
github.com/kardianos/rdb/ms/coder.go:970.9,971.120 1 0
github.com/kardianos/rdb/ms/coder.go:993.2,993.27 1 632
github.com/kardianos/rdb/ms/coder.go:993.27,994.84 1 0
github.com/kardianos/rdb/ms/coder.go:996.2,1006.16 2 632
github.com/kardianos/rdb/ms/coder.go:1006.16,1008.3 1 184
github.com/kardianos/rdb/ms/coder.go:1008.8,1009.19 1 448
github.com/kardianos/rdb/ms/coder.go:1010.10,1011.35 1 283
github.com/kardianos/rdb/ms/coder.go:1012.10,1014.43 2 159
github.com/kardianos/rdb/ms/coder.go:1014.43,1016.5 1 26
github.com/kardianos/rdb/ms/coder.go:1017.10,1018.60 1 0
github.com/kardianos/rdb/ms/coder.go:1021.2,1022.56 2 632
github.com/kardianos/rdb/ms/coder.go:1022.56,1024.3 1 188
github.com/kardianos/rdb/ms/coder.go:1025.2,1027.17 2 632
github.com/kardianos/rdb/ms/coder.go:1027.17,1029.3 1 151
github.com/kardianos/rdb/ms/coder.go:1030.2,1030.17 1 632
github.com/kardianos/rdb/ms/coder.go:1030.17,1033.3 2 21
github.com/kardianos/rdb/ms/coder.go:1035.2,1035.15 1 632
github.com/kardianos/rdb/ms/coder.go:1040.121,1043.15 3 980
github.com/kardianos/rdb/ms/coder.go:1043.15,1044.17 1 980
github.com/kardianos/rdb/ms/coder.go:1044.17,1045.33 1 0
github.com/kardianos/rdb/ms/coder.go:1049.2,1049.38 1 980
github.com/kardianos/rdb/ms/coder.go:1049.38,1050.17 1 1537
github.com/kardianos/rdb/ms/coder.go:1050.17,1052.4 1 13
github.com/kardianos/rdb/ms/coder.go:1053.3,1053.31 1 1524
github.com/kardianos/rdb/ms/coder.go:1056.2,1056.20 1 980
github.com/kardianos/rdb/ms/coder.go:1056.20,1060.28 3 25
github.com/kardianos/rdb/ms/coder.go:1060.28,1065.4 2 0
github.com/kardianos/rdb/ms/coder.go:1066.3,1066.31 1 25
github.com/kardianos/rdb/ms/coder.go:1066.31,1068.4 1 0
github.com/kardianos/rdb/ms/coder.go:1069.3,1071.7 3 25
github.com/kardianos/rdb/ms/coder.go:1071.7,1073.22 2 601
github.com/kardianos/rdb/ms/coder.go:1073.22,1074.36 1 25
github.com/kardianos/rdb/ms/coder.go:1074.36,1080.6 1 6
github.com/kardianos/rdb/ms/coder.go:1081.5,1081.10 1 25
github.com/kardianos/rdb/ms/coder.go:1083.4,1083.13 1 576
github.com/kardianos/rdb/ms/coder.go:1083.13,1085.5 1 24
github.com/kardianos/rdb/ms/coder.go:1087.4,1088.25 2 576
github.com/kardianos/rdb/ms/coder.go:1088.25,1094.14 2 572
github.com/kardianos/rdb/ms/coder.go:1094.14,1095.32 1 1
github.com/kardianos/rdb/ms/coder.go:1095.32,1100.7 4 0
github.com/kardianos/rdb/ms/coder.go:1100.12,1104.7 3 1
github.com/kardianos/rdb/ms/coder.go:1105.11,1106.32 1 571
github.com/kardianos/rdb/ms/coder.go:1106.32,1111.7 4 1
github.com/kardianos/rdb/ms/coder.go:1111.12,1113.7 1 570
github.com/kardianos/rdb/ms/coder.go:1115.10,1118.5 2 4
github.com/kardianos/rdb/ms/coder.go:1119.4,1124.17 2 576
github.com/kardianos/rdb/ms/coder.go:1126.3,1126.9 1 25
github.com/kardianos/rdb/ms/coder.go:1129.2,1132.23 3 955
github.com/kardianos/rdb/ms/coder.go:1132.23,1133.136 1 0
github.com/kardianos/rdb/ms/coder.go:1142.3,1143.23 2 0
github.com/kardianos/rdb/ms/coder.go:1143.23,1145.4 1 0
github.com/kardianos/rdb/ms/coder.go:1145.9,1148.4 2 0
github.com/kardianos/rdb/ms/coder.go:1151.2,1151.23 1 955
github.com/kardianos/rdb/ms/coder.go:1151.23,1153.3 1 117
github.com/kardianos/rdb/ms/coder.go:1153.8,1154.26 1 838
github.com/kardianos/rdb/ms/coder.go:1155.10,1156.15 1 6
github.com/kardianos/rdb/ms/coder.go:1157.10,1159.28 2 221
github.com/kardianos/rdb/ms/coder.go:1160.10,1162.30 2 617
github.com/kardianos/rdb/ms/coder.go:1163.10,1165.26 2 0
github.com/kardianos/rdb/ms/coder.go:1169.2,1169.50 1 955
github.com/kardianos/rdb/ms/coder.go:1169.50,1170.13 1 618
github.com/kardianos/rdb/ms/coder.go:1170.13,1175.4 2 0
github.com/kardianos/rdb/ms/coder.go:1176.3,1177.24 2 618
github.com/kardianos/rdb/ms/coder.go:1177.24,1179.4 1 593
github.com/kardianos/rdb/ms/coder.go:1179.9,1182.4 2 25
github.com/kardianos/rdb/ms/coder.go:1183.3,1183.30 1 618
github.com/kardianos/rdb/ms/coder.go:1183.30,1184.30 1 1
github.com/kardianos/rdb/ms/coder.go:1184.30,1185.53 1 3
github.com/kardianos/rdb/ms/coder.go:1185.53,1187.6 1 4
github.com/kardianos/rdb/ms/coder.go:1189.4,1189.47 1 1
github.com/kardianos/rdb/ms/coder.go:1189.47,1194.5 4 1
github.com/kardianos/rdb/ms/coder.go:1195.4,1198.10 2 1
github.com/kardianos/rdb/ms/coder.go:1200.3,1203.9 2 617
github.com/kardianos/rdb/ms/coder.go:1206.2,1206.45 1 337
github.com/kardianos/rdb/ms/coder.go:1206.45,1211.3 2 23
github.com/kardianos/rdb/ms/coder.go:1213.2,1213.23 1 314
github.com/kardianos/rdb/ms/coder.go:1213.23,1217.22 3 117
github.com/kardianos/rdb/ms/coder.go:1218.17,1219.20 1 0
github.com/kardianos/rdb/ms/coder.go:1220.17,1221.13 1 0
github.com/kardianos/rdb/ms/coder.go:1222.18,1223.45 1 0
github.com/kardianos/rdb/ms/coder.go:1224.18,1225.45 1 117
github.com/kardianos/rdb/ms/coder.go:1226.18,1227.45 1 0
github.com/kardianos/rdb/ms/coder.go:1228.20,1229.60 1 0
github.com/kardianos/rdb/ms/coder.go:1230.20,1231.60 1 0
github.com/kardianos/rdb/ms/coder.go:1232.21,1236.61 4 0
github.com/kardianos/rdb/ms/coder.go:1237.11,1238.76 1 0
github.com/kardianos/rdb/ms/coder.go:1240.3,1243.9 2 117
github.com/kardianos/rdb/ms/coder.go:1246.2,1246.29 1 197
github.com/kardianos/rdb/ms/coder.go:1246.29,1247.18 1 111
github.com/kardianos/rdb/ms/coder.go:1248.10,1251.6 1 20
github.com/kardianos/rdb/ms/coder.go:1252.10,1255.6 1 21
github.com/kardianos/rdb/ms/coder.go:1256.10,1259.6 1 36
github.com/kardianos/rdb/ms/coder.go:1260.10,1263.6 1 34
github.com/kardianos/rdb/ms/coder.go:1264.11,1265.71 1 0
github.com/kardianos/rdb/ms/coder.go:1267.3,1267.9 1 111
github.com/kardianos/rdb/ms/coder.go:1270.2,1270.29 1 86
github.com/kardianos/rdb/ms/coder.go:1270.29,1271.18 1 9
github.com/kardianos/rdb/ms/coder.go:1272.10,1275.14 3 9
github.com/kardianos/rdb/ms/coder.go:1275.14,1277.5 1 7
github.com/kardianos/rdb/ms/coder.go:1278.4,1280.6 1 9
github.com/kardianos/rdb/ms/coder.go:1281.11,1282.71 1 0
github.com/kardianos/rdb/ms/coder.go:1284.3,1284.9 1 9
github.com/kardianos/rdb/ms/coder.go:1287.2,1287.24 1 77
github.com/kardianos/rdb/ms/coder.go:1287.24,1300.20 10 19
github.com/kardianos/rdb/ms/coder.go:1300.20,1302.4 1 1
github.com/kardianos/rdb/ms/coder.go:1303.3,1308.9 3 19
github.com/kardianos/rdb/ms/coder.go:1311.2,1311.31 1 58
github.com/kardianos/rdb/ms/coder.go:1311.31,1312.18 1 32
github.com/kardianos/rdb/ms/coder.go:1313.10,1317.10 2 3
github.com/kardianos/rdb/ms/coder.go:1318.10,1322.10 2 29
github.com/kardianos/rdb/ms/coder.go:1323.11,1324.73 1 0
github.com/kardianos/rdb/ms/coder.go:1328.2,1328.34 1 26
github.com/kardianos/rdb/ms/coder.go:1328.34,1329.18 1 1
github.com/kardianos/rdb/ms/coder.go:1330.10,1340.10 6 1
github.com/kardianos/rdb/ms/coder.go:1341.11,1342.76 1 0
github.com/kardianos/rdb/ms/coder.go:1346.2,1346.25 1 25
github.com/kardianos/rdb/ms/coder.go:1346.25,1355.37 4 25
github.com/kardianos/rdb/ms/coder.go:1355.37,1357.19 2 20
github.com/kardianos/rdb/ms/coder.go:1357.19,1359.5 1 0
github.com/kardianos/rdb/ms/coder.go:1360.4,1360.19 1 20
github.com/kardianos/rdb/ms/coder.go:1360.19,1362.5 1 0
github.com/kardianos/rdb/ms/coder.go:1363.4,1370.32 7 20
github.com/kardianos/rdb/ms/coder.go:1370.32,1375.5 2 4
github.com/kardianos/rdb/ms/coder.go:1377.3,1377.37 1 21
github.com/kardianos/rdb/ms/coder.go:1377.37,1388.29 8 21
github.com/kardianos/rdb/ms/coder.go:1388.29,1391.5 2 184
github.com/kardianos/rdb/ms/coder.go:1392.4,1392.51 1 21
github.com/kardianos/rdb/ms/coder.go:1394.3,1394.37 1 21
github.com/kardianos/rdb/ms/coder.go:1394.37,1396.4 1 10
github.com/kardianos/rdb/ms/coder.go:1397.3,1400.18 3 21
github.com/kardianos/rdb/ms/coder.go:1400.18,1405.4 4 5
github.com/kardianos/rdb/ms/coder.go:1406.3,1409.9 2 21
github.com/kardianos/rdb/ms/coder.go:1412.2,1412.66 1 0
github.com/kardianos/rdb/ms/connection.go:70.96,71.26 1 21
github.com/kardianos/rdb/ms/connection.go:71.26,73.3 1 15
github.com/kardianos/rdb/ms/connection.go:74.2,84.3 1 21
github.com/kardianos/rdb/ms/connection.go:87.53,89.2 1 778
github.com/kardianos/rdb/ms/connection.go:90.41,92.2 1 389
github.com/kardianos/rdb/ms/connection.go:94.47,97.2 2 641
github.com/kardianos/rdb/ms/connection.go:99.91,100.16 1 21
github.com/kardianos/rdb/ms/connection.go:100.16,102.3 1 0
github.com/kardianos/rdb/ms/connection.go:103.2,103.44 1 21
github.com/kardianos/rdb/ms/connection.go:103.44,105.3 1 0
github.com/kardianos/rdb/ms/connection.go:106.2,111.38 4 21
github.com/kardianos/rdb/ms/connection.go:111.38,113.3 1 0
github.com/kardianos/rdb/ms/connection.go:114.2,114.19 1 21
github.com/kardianos/rdb/ms/connection.go:114.19,116.3 1 4
github.com/kardianos/rdb/ms/connection.go:118.2,119.16 2 21
github.com/kardianos/rdb/ms/connection.go:119.16,121.3 1 0
github.com/kardianos/rdb/ms/connection.go:123.2,124.16 2 21
github.com/kardianos/rdb/ms/connection.go:124.16,126.3 1 1
github.com/kardianos/rdb/ms/connection.go:128.2,128.23 1 20
github.com/kardianos/rdb/ms/connection.go:129.10,130.20 1 0
github.com/kardianos/rdb/ms/connection.go:130.20,132.4 1 0
github.com/kardianos/rdb/ms/connection.go:133.34,149.17 6 20
github.com/kardianos/rdb/ms/connection.go:149.17,151.4 1 2
github.com/kardianos/rdb/ms/connection.go:153.3,156.23 4 18
github.com/kardianos/rdb/ms/connection.go:160.2,161.16 2 18
github.com/kardianos/rdb/ms/connection.go:161.16,163.3 1 0
github.com/kardianos/rdb/ms/connection.go:165.2,166.16 2 18
github.com/kardianos/rdb/ms/connection.go:166.16,168.3 1 0
github.com/kardianos/rdb/ms/connection.go:169.2,187.31 6 18
github.com/kardianos/rdb/ms/connection.go:201.62,202.21 1 58
github.com/kardianos/rdb/ms/connection.go:202.21,205.17 3 38
github.com/kardianos/rdb/ms/connection.go:205.17,207.4 1 0
github.com/kardianos/rdb/ms/connection.go:208.3,208.25 1 38
github.com/kardianos/rdb/ms/connection.go:210.2,210.47 1 58
github.com/kardianos/rdb/ms/connection.go:210.47,211.18 1 38
github.com/kardianos/rdb/ms/connection.go:211.18,213.4 1 20
github.com/kardianos/rdb/ms/connection.go:214.3,215.29 2 38
github.com/kardianos/rdb/ms/connection.go:215.29,217.4 1 0
github.com/kardianos/rdb/ms/connection.go:218.3,218.24 1 38
github.com/kardianos/rdb/ms/connection.go:220.2,222.15 3 58
github.com/kardianos/rdb/ms/connection.go:225.63,226.22 1 40
github.com/kardianos/rdb/ms/connection.go:226.22,229.3 2 40
github.com/kardianos/rdb/ms/connection.go:230.2,231.20 2 40
github.com/kardianos/rdb/ms/connection.go:234.42,236.2 1 0
github.com/kardianos/rdb/ms/connection.go:238.49,240.2 1 0
github.com/kardianos/rdb/ms/connection.go:242.50,244.2 1 0
github.com/kardianos/rdb/ms/connection.go:246.59,248.2 1 0
github.com/kardianos/rdb/ms/connection.go:250.63,252.2 1 0
github.com/kardianos/rdb/ms/connection.go:254.64,256.2 1 0
github.com/kardianos/rdb/ms/connection.go:262.60,264.2 1 1243
github.com/kardianos/rdb/ms/connection.go:266.61,268.2 1 14250
github.com/kardianos/rdb/ms/connection.go:270.40,272.2 1 0
github.com/kardianos/rdb/ms/connection.go:274.47,276.2 1 0
github.com/kardianos/rdb/ms/connection.go:278.48,280.2 1 0
github.com/kardianos/rdb/ms/connection.go:282.57,284.2 1 0
github.com/kardianos/rdb/ms/connection.go:286.61,288.2 1 1403
github.com/kardianos/rdb/ms/connection.go:290.62,292.2 1 14210
github.com/kardianos/rdb/ms/connection.go:294.51,296.28 2 402
github.com/kardianos/rdb/ms/connection.go:296.28,298.3 1 212
github.com/kardianos/rdb/ms/connection.go:299.2,300.34 2 190
github.com/kardianos/rdb/ms/connection.go:300.34,304.3 3 0
github.com/kardianos/rdb/ms/connection.go:305.2,305.71 1 190
github.com/kardianos/rdb/ms/connection.go:308.61,313.2 1 1
github.com/kardianos/rdb/ms/connection.go:315.43,317.2 1 0
github.com/kardianos/rdb/ms/connection.go:319.32,321.42 2 20
github.com/kardianos/rdb/ms/connection.go:321.42,324.3 2 3
github.com/kardianos/rdb/ms/connection.go:325.2,332.16 7 17
github.com/kardianos/rdb/ms/connection.go:335.54,340.2 4 941
github.com/kardianos/rdb/ms/connection.go:342.94,344.2 1 0
github.com/kardianos/rdb/ms/connection.go:345.82,347.2 1 0
github.com/kardianos/rdb/ms/connection.go:375.114,377.42 2 16
github.com/kardianos/rdb/ms/connection.go:377.42,380.3 2 0
github.com/kardianos/rdb/ms/connection.go:381.2,381.35 1 16
github.com/kardianos/rdb/ms/connection.go:381.35,384.3 2 0
github.com/kardianos/rdb/ms/connection.go:385.2,388.40 3 16
github.com/kardianos/rdb/ms/connection.go:388.40,389.67 1 0
github.com/kardianos/rdb/ms/connection.go:392.2,394.16 3 16
github.com/kardianos/rdb/ms/connection.go:394.16,396.3 1 0
github.com/kardianos/rdb/ms/connection.go:398.2,399.13 2 16
github.com/kardianos/rdb/ms/connection.go:400.24,401.23 1 11
github.com/kardianos/rdb/ms/connection.go:402.32,403.31 1 1
github.com/kardianos/rdb/ms/connection.go:404.30,405.28 1 1
github.com/kardianos/rdb/ms/connection.go:406.31,407.30 1 1
github.com/kardianos/rdb/ms/connection.go:408.29,409.28 1 1
github.com/kardianos/rdb/ms/connection.go:410.25,411.24 1 1
github.com/kardianos/rdb/ms/connection.go:414.2,414.22 1 16
github.com/kardianos/rdb/ms/connection.go:414.22,416.3 1 0
github.com/kardianos/rdb/ms/connection.go:417.2,420.14 4 16
github.com/kardianos/rdb/ms/connection.go:421.17,424.20 3 7
github.com/kardianos/rdb/ms/connection.go:424.20,426.4 1 0
github.com/kardianos/rdb/ms/connection.go:427.18,429.20 2 1
github.com/kardianos/rdb/ms/connection.go:429.20,431.4 1 0
github.com/kardianos/rdb/ms/connection.go:432.3,432.22 1 1
github.com/kardianos/rdb/ms/connection.go:433.20,435.20 2 7
github.com/kardianos/rdb/ms/connection.go:435.20,437.4 1 1
github.com/kardianos/rdb/ms/connection.go:438.3,438.22 1 7
github.com/kardianos/rdb/ms/connection.go:439.21,441.20 2 1
github.com/kardianos/rdb/ms/connection.go:441.20,443.4 1 1
github.com/kardianos/rdb/ms/connection.go:444.10,445.40 1 0
github.com/kardianos/rdb/ms/connection.go:447.2,447.16 1 16
github.com/kardianos/rdb/ms/connection.go:447.16,449.3 1 0
github.com/kardianos/rdb/ms/connection.go:451.2,452.16 2 16
github.com/kardianos/rdb/ms/connection.go:452.16,454.3 1 0
github.com/kardianos/rdb/ms/connection.go:455.2,455.27 1 16
github.com/kardianos/rdb/ms/connection.go:457.81,459.2 1 7
github.com/kardianos/rdb/ms/connection.go:460.57,465.2 3 7
github.com/kardianos/rdb/ms/connection.go:466.58,468.2 1 1
github.com/kardianos/rdb/ms/connection.go:469.74,471.2 1 1
github.com/kardianos/rdb/ms/connection.go:476.48,476.62 1 0
github.com/kardianos/rdb/ms/connection.go:477.48,477.62 1 190
github.com/kardianos/rdb/ms/connection.go:478.49,478.50 0 0
github.com/kardianos/rdb/ms/connection.go:479.49,479.50 0 0
github.com/kardianos/rdb/ms/connection.go:480.96,482.2 1 0
github.com/kardianos/rdb/ms/connection.go:483.47,483.48 0 0
github.com/kardianos/rdb/ms/connection.go:485.147,486.14 1 595
github.com/kardianos/rdb/ms/connection.go:486.14,488.3 1 0
github.com/kardianos/rdb/ms/connection.go:489.2,490.35 2 595
github.com/kardianos/rdb/ms/connection.go:490.35,493.3 2 0
github.com/kardianos/rdb/ms/connection.go:494.2,496.19 2 595
github.com/kardianos/rdb/ms/connection.go:496.19,498.3 1 190
github.com/kardianos/rdb/ms/connection.go:499.2,501.40 2 595
github.com/kardianos/rdb/ms/connection.go:501.40,503.3 1 0
github.com/kardianos/rdb/ms/connection.go:505.2,507.9 2 595
github.com/kardianos/rdb/ms/connection.go:508.10,508.10 0 625
github.com/kardianos/rdb/ms/connection.go:510.20,511.19 1 0
github.com/kardianos/rdb/ms/connection.go:514.2,515.16 2 625
github.com/kardianos/rdb/ms/connection.go:515.16,517.3 1 5
github.com/kardianos/rdb/ms/connection.go:518.2,522.12 4 620
github.com/kardianos/rdb/ms/connection.go:522.12,524.3 1 362
github.com/kardianos/rdb/ms/connection.go:526.2,526.14 1 620
github.com/kardianos/rdb/ms/connection.go:526.14,527.11 1 30
github.com/kardianos/rdb/ms/connection.go:530.2,530.12 1 590
github.com/kardianos/rdb/ms/connection.go:533.106,534.9 1 595
github.com/kardianos/rdb/ms/connection.go:535.20,541.17 4 1
github.com/kardianos/rdb/ms/connection.go:541.17,544.11 2 0
github.com/kardianos/rdb/ms/connection.go:545.22,545.22 0 0
github.com/kardianos/rdb/ms/connection.go:546.23,546.23 0 0
github.com/kardianos/rdb/ms/connection.go:548.4,548.10 1 0
github.com/kardianos/rdb/ms/connection.go:550.3,551.17 2 1
github.com/kardianos/rdb/ms/connection.go:551.17,554.4 1 0
github.com/kardianos/rdb/ms/connection.go:555.3,555.10 1 1
github.com/kardianos/rdb/ms/connection.go:556.21,556.21 0 1
github.com/kardianos/rdb/ms/connection.go:557.22,557.22 0 0
github.com/kardianos/rdb/ms/connection.go:559.20,559.20 0 593
github.com/kardianos/rdb/ms/connection.go:561.21,561.21 0 1
github.com/kardianos/rdb/ms/connection.go:566.79,567.14 1 17
github.com/kardianos/rdb/ms/connection.go:567.14,569.3 1 0
github.com/kardianos/rdb/ms/connection.go:570.2,570.28 1 17
github.com/kardianos/rdb/ms/connection.go:573.79,577.14 3 379
github.com/kardianos/rdb/ms/connection.go:577.14,579.3 1 0
github.com/kardianos/rdb/ms/connection.go:580.2,580.10 1 379
github.com/kardianos/rdb/ms/connection.go:580.10,589.3 6 17
github.com/kardianos/rdb/ms/connection.go:589.8,592.3 2 362
github.com/kardianos/rdb/ms/connection.go:593.2,593.18 1 379
github.com/kardianos/rdb/ms/connection.go:596.67,597.14 1 709
github.com/kardianos/rdb/ms/connection.go:597.14,600.3 2 0
github.com/kardianos/rdb/ms/connection.go:601.2,602.10 2 709
github.com/kardianos/rdb/ms/connection.go:602.10,605.35 3 760
github.com/kardianos/rdb/ms/connection.go:605.35,607.12 2 760
github.com/kardianos/rdb/ms/connection.go:607.12,609.5 1 667
github.com/kardianos/rdb/ms/connection.go:610.4,610.56 1 93
github.com/kardianos/rdb/ms/connection.go:612.3,612.11 1 760
github.com/kardianos/rdb/ms/connection.go:612.11,613.9 1 667
github.com/kardianos/rdb/ms/connection.go:615.3,615.17 1 93
github.com/kardianos/rdb/ms/connection.go:615.17,618.4 2 0
github.com/kardianos/rdb/ms/connection.go:619.3,619.21 1 93
github.com/kardianos/rdb/ms/connection.go:620.15,622.21 1 34
github.com/kardianos/rdb/ms/connection.go:623.21,624.21 1 8
github.com/kardianos/rdb/ms/connection.go:627.2,627.12 1 667
github.com/kardianos/rdb/ms/connection.go:630.37,631.16 1 674
github.com/kardianos/rdb/ms/connection.go:631.16,633.3 1 0
github.com/kardianos/rdb/ms/connection.go:634.2,634.9 1 674
github.com/kardianos/rdb/ms/connection.go:635.32,635.32 0 594
github.com/kardianos/rdb/ms/connection.go:636.10,636.10 0 80
github.com/kardianos/rdb/ms/connection.go:639.2,644.42 5 674
github.com/kardianos/rdb/ms/connection.go:644.42,646.3 1 657
github.com/kardianos/rdb/ms/connection.go:647.2,650.20 3 674
github.com/kardianos/rdb/ms/connection.go:650.20,652.17 2 656
github.com/kardianos/rdb/ms/connection.go:652.17,654.4 1 653
github.com/kardianos/rdb/ms/connection.go:656.2,656.12 1 674
github.com/kardianos/rdb/ms/connection.go:659.56,660.14 1 840
github.com/kardianos/rdb/ms/connection.go:660.14,662.3 1 0
github.com/kardianos/rdb/ms/connection.go:663.2,663.22 1 840
github.com/kardianos/rdb/ms/connection.go:666.56,667.14 1 1481
github.com/kardianos/rdb/ms/connection.go:667.14,670.3 2 0
github.com/kardianos/rdb/ms/connection.go:671.2,672.40 2 1481
github.com/kardianos/rdb/ms/connection.go:672.40,675.3 2 0
github.com/kardianos/rdb/ms/connection.go:676.2,676.35 1 1481
github.com/kardianos/rdb/ms/connection.go:676.35,679.3 2 0
github.com/kardianos/rdb/ms/connection.go:680.2,684.6 4 1481
github.com/kardianos/rdb/ms/connection.go:684.6,687.35 3 2966
github.com/kardianos/rdb/ms/connection.go:687.35,689.4 1 2966
github.com/kardianos/rdb/ms/connection.go:690.3,690.17 1 2966
github.com/kardianos/rdb/ms/connection.go:690.17,693.4 2 1
github.com/kardianos/rdb/ms/connection.go:694.3,694.26 1 2965
github.com/kardianos/rdb/ms/connection.go:695.15,698.14 2 163
github.com/kardianos/rdb/ms/connection.go:698.14,700.45 2 14
github.com/kardianos/rdb/ms/connection.go:700.45,702.6 1 14
github.com/kardianos/rdb/ms/connection.go:703.5,703.27 1 14
github.com/kardianos/rdb/ms/connection.go:705.4,705.14 1 163
github.com/kardianos/rdb/ms/connection.go:706.21,708.22 2 3
github.com/kardianos/rdb/ms/connection.go:709.18,710.17 1 394
github.com/kardianos/rdb/ms/connection.go:711.15,716.24 1 839
github.com/kardianos/rdb/ms/connection.go:717.20,718.33 1 444
github.com/kardianos/rdb/ms/connection.go:719.17,719.17 0 3
github.com/kardianos/rdb/ms/connection.go:720.16,720.16 0 22
github.com/kardianos/rdb/ms/connection.go:721.21,723.14 2 447
github.com/kardianos/rdb/ms/connection.go:723.14,725.45 2 3
github.com/kardianos/rdb/ms/connection.go:725.45,727.6 1 3
github.com/kardianos/rdb/ms/connection.go:728.5,728.27 1 3
github.com/kardianos/rdb/ms/connection.go:730.4,730.14 1 447
github.com/kardianos/rdb/ms/connection.go:731.18,734.14 2 4
github.com/kardianos/rdb/ms/connection.go:734.14,736.45 2 0
github.com/kardianos/rdb/ms/connection.go:736.45,738.6 1 0
github.com/kardianos/rdb/ms/connection.go:739.5,739.27 1 0
github.com/kardianos/rdb/ms/connection.go:742.4,742.18 1 4
github.com/kardianos/rdb/ms/connection.go:742.18,744.5 1 3
github.com/kardianos/rdb/ms/connection.go:746.4,746.34 1 1
github.com/kardianos/rdb/ms/connection.go:746.34,748.5 1 1
github.com/kardianos/rdb/ms/connection.go:749.4,749.26 1 0
github.com/kardianos/rdb/ms/connection.go:749.26,751.5 1 0
github.com/kardianos/rdb/ms/connection.go:752.4,752.61 1 0
github.com/kardianos/rdb/ms/connection.go:754.3,754.21 1 2351
github.com/kardianos/rdb/ms/connection.go:754.21,755.12 1 496
github.com/kardianos/rdb/ms/connection.go:757.3,758.35 2 1855
github.com/kardianos/rdb/ms/connection.go:758.35,760.4 1 1855
github.com/kardianos/rdb/ms/connection.go:761.3,761.20 1 1855
github.com/kardianos/rdb/ms/connection.go:761.20,762.12 1 123
github.com/kardianos/rdb/ms/connection.go:764.3,765.17 2 1732
github.com/kardianos/rdb/ms/connection.go:765.17,767.4 1 0
github.com/kardianos/rdb/ms/connection.go:768.3,768.15 1 1732
github.com/kardianos/rdb/ms/connection.go:769.11,770.53 1 0
github.com/kardianos/rdb/ms/connection.go:771.153,771.153 0 866
github.com/kardianos/rdb/ms/connection.go:773.28,775.14 2 15
github.com/kardianos/rdb/ms/connection.go:776.17,777.14 1 842
github.com/kardianos/rdb/ms/connection.go:778.20,779.14 1 9
github.com/kardianos/rdb/ms/connection.go:784.114,787.42 2 625
github.com/kardianos/rdb/ms/connection.go:787.42,790.3 2 0
github.com/kardianos/rdb/ms/connection.go:791.2,791.35 1 625
github.com/kardianos/rdb/ms/connection.go:791.35,794.3 2 0
github.com/kardianos/rdb/ms/connection.go:795.2,798.16 3 625
github.com/kardianos/rdb/ms/connection.go:798.16,799.22 1 0
github.com/kardianos/rdb/ms/connection.go:799.22,801.4 1 0
github.com/kardianos/rdb/ms/connection.go:801.9,803.4 1 0
github.com/kardianos/rdb/ms/connection.go:806.2,808.9 2 625
github.com/kardianos/rdb/ms/connection.go:809.10,810.57 1 345
github.com/kardianos/rdb/ms/connection.go:811.23,814.46 3 37
github.com/kardianos/rdb/ms/connection.go:814.46,816.18 2 37
github.com/kardianos/rdb/ms/connection.go:816.18,818.5 1 0
github.com/kardianos/rdb/ms/connection.go:819.4,819.27 1 37
github.com/kardianos/rdb/ms/connection.go:819.27,821.5 1 37
github.com/kardianos/rdb/ms/connection.go:822.4,822.24 1 37
github.com/kardianos/rdb/ms/connection.go:822.24,824.5 1 37
github.com/kardianos/rdb/ms/connection.go:826.3,826.25 1 37
github.com/kardianos/rdb/ms/connection.go:826.25,828.18 2 37
github.com/kardianos/rdb/ms/connection.go:828.18,830.5 1 0
github.com/kardianos/rdb/ms/connection.go:831.4,832.36 2 37
github.com/kardianos/rdb/ms/connection.go:832.36,834.50 2 37
github.com/kardianos/rdb/ms/connection.go:834.50,836.6 1 37
github.com/kardianos/rdb/ms/connection.go:838.4,838.18 1 37
github.com/kardianos/rdb/ms/connection.go:838.18,840.5 1 0
github.com/kardianos/rdb/ms/connection.go:842.3,842.23 1 37
github.com/kardianos/rdb/ms/connection.go:842.23,844.4 1 0
github.com/kardianos/rdb/ms/connection.go:845.3,845.76 1 37
github.com/kardianos/rdb/ms/connection.go:846.23,847.76 1 243
github.com/kardianos/rdb/ms/connection.go:849.2,850.16 2 625
github.com/kardianos/rdb/ms/connection.go:850.16,852.3 1 1
github.com/kardianos/rdb/ms/connection.go:854.2,854.28 1 624
github.com/kardianos/rdb/ms/connection.go:867.91,870.16 3 382
github.com/kardianos/rdb/ms/connection.go:870.16,872.3 1 0
github.com/kardianos/rdb/ms/connection.go:873.2,876.26 3 382
github.com/kardianos/rdb/ms/connection.go:879.120,895.16 7 243
github.com/kardianos/rdb/ms/connection.go:895.16,897.3 1 0
github.com/kardianos/rdb/ms/connection.go:898.2,901.16 3 243
github.com/kardianos/rdb/ms/connection.go:901.16,903.3 1 0
github.com/kardianos/rdb/ms/connection.go:905.2,905.13 1 243
github.com/kardianos/rdb/ms/connection.go:905.13,911.25 5 241
github.com/kardianos/rdb/ms/connection.go:911.25,913.14 2 284
github.com/kardianos/rdb/ms/connection.go:913.14,915.5 1 43
github.com/kardianos/rdb/ms/connection.go:916.4,916.28 1 284
github.com/kardianos/rdb/ms/connection.go:916.28,918.5 1 0
github.com/kardianos/rdb/ms/connection.go:920.4,921.14 2 284
github.com/kardianos/rdb/ms/connection.go:921.14,923.5 1 0
github.com/kardianos/rdb/ms/connection.go:924.4,924.71 1 284
github.com/kardianos/rdb/ms/connection.go:926.3,927.17 2 241
github.com/kardianos/rdb/ms/connection.go:927.17,929.4 1 0
github.com/kardianos/rdb/ms/connection.go:930.3,931.17 2 241
github.com/kardianos/rdb/ms/connection.go:931.17,933.4 1 0
github.com/kardianos/rdb/ms/connection.go:934.8,938.3 3 2
github.com/kardianos/rdb/ms/connection.go:941.2,941.24 1 243
github.com/kardianos/rdb/ms/connection.go:941.24,944.17 3 289
github.com/kardianos/rdb/ms/connection.go:944.17,946.4 1 1
github.com/kardianos/rdb/ms/connection.go:948.2,950.26 2 242
github.com/kardianos/rdb/ms/connection.go:953.141,956.16 3 37
github.com/kardianos/rdb/ms/connection.go:956.16,958.3 1 0
github.com/kardianos/rdb/ms/connection.go:959.2,960.15 2 37
github.com/kardianos/rdb/ms/connection.go:960.15,961.15 1 37
github.com/kardianos/rdb/ms/connection.go:961.15,963.4 1 37
github.com/kardianos/rdb/ms/connection.go:964.3,965.33 2 0
github.com/kardianos/rdb/ms/connection.go:965.33,967.4 1 0
github.com/kardianos/rdb/ms/connection.go:970.2,975.27 5 37
github.com/kardianos/rdb/ms/connection.go:975.27,985.17 5 99
github.com/kardianos/rdb/ms/connection.go:985.17,987.4 1 0
github.com/kardianos/rdb/ms/connection.go:989.3,990.17 2 99
github.com/kardianos/rdb/ms/connection.go:990.17,992.4 1 0
github.com/kardianos/rdb/ms/connection.go:993.3,995.17 3 99
github.com/kardianos/rdb/ms/connection.go:995.17,997.4 1 0
github.com/kardianos/rdb/ms/connection.go:998.3,1000.15 3 99
github.com/kardianos/rdb/ms/connection.go:1000.15,1002.4 1 0
github.com/kardianos/rdb/ms/connection.go:1003.3,1004.25 2 99
github.com/kardianos/rdb/ms/connection.go:1007.2,1009.6 2 37
github.com/kardianos/rdb/ms/connection.go:1009.6,1011.17 2 1210137
github.com/kardianos/rdb/ms/connection.go:1011.17,1013.4 1 0
github.com/kardianos/rdb/ms/connection.go:1014.3,1015.17 2 1210137
github.com/kardianos/rdb/ms/connection.go:1015.17,1016.15 1 37
github.com/kardianos/rdb/ms/connection.go:1017.12,1018.22 1 0
github.com/kardianos/rdb/ms/connection.go:1019.16,1020.15 1 7
github.com/kardianos/rdb/ms/connection.go:1021.25,1022.18 1 0
github.com/kardianos/rdb/ms/connection.go:1023.30,1025.15 2 30
github.com/kardianos/rdb/ms/connection.go:1029.3,1031.28 3 1210100
github.com/kardianos/rdb/ms/connection.go:1031.28,1034.18 3 3620300
github.com/kardianos/rdb/ms/connection.go:1034.18,1036.5 1 0
github.com/kardianos/rdb/ms/connection.go:1039.2,1045.32 6 37
github.com/kardianos/rdb/ms/connection.go:1048.131,1049.16 1 3096
github.com/kardianos/rdb/ms/connection.go:1049.16,1051.16 2 0
github.com/kardianos/rdb/ms/connection.go:1051.16,1053.4 1 0
github.com/kardianos/rdb/ms/connection.go:1056.2,1056.15 1 3096
github.com/kardianos/rdb/ms/connection.go:1056.15,1057.47 1 3096
github.com/kardianos/rdb/ms/connection.go:1057.47,1058.46 1 1
github.com/kardianos/rdb/ms/connection.go:1058.46,1061.5 2 1
github.com/kardianos/rdb/ms/connection.go:1062.4,1062.82 1 0
github.com/kardianos/rdb/ms/connection.go:1066.2,1067.29 2 3096
github.com/kardianos/rdb/ms/connection.go:1067.29,1070.18 3 11759
github.com/kardianos/rdb/ms/connection.go:1070.18,1072.4 1 11627
github.com/kardianos/rdb/ms/connection.go:1073.3,1073.21 1 132
github.com/kardianos/rdb/ms/connection.go:1073.21,1074.37 1 0
github.com/kardianos/rdb/ms/connection.go:1076.3,1076.12 1 132
github.com/kardianos/rdb/ms/connection.go:1078.2,1079.16 2 3096
github.com/kardianos/rdb/ms/connection.go:1079.16,1080.42 1 197
github.com/kardianos/rdb/ms/connection.go:1080.42,1082.4 1 197
github.com/kardianos/rdb/ms/connection.go:1083.3,1083.18 1 0
github.com/kardianos/rdb/ms/connection.go:1085.2,1086.16 2 2899
github.com/kardianos/rdb/ms/connection.go:1086.16,1088.3 1 0
github.com/kardianos/rdb/ms/connection.go:1090.2,1090.15 1 2899
github.com/kardianos/rdb/ms/connection.go:1091.17,1092.14 1 0
github.com/kardianos/rdb/ms/connection.go:1093.18,1095.25 2 12
github.com/kardianos/rdb/ms/connection.go:1095.25,1097.4 1 0
github.com/kardianos/rdb/ms/connection.go:1098.3,1114.21 13 12
github.com/kardianos/rdb/ms/connection.go:1115.27,1118.22 3 395
github.com/kardianos/rdb/ms/connection.go:1118.22,1120.4 1 0
github.com/kardianos/rdb/ms/connection.go:1121.3,1121.30 1 395
github.com/kardianos/rdb/ms/connection.go:1121.30,1123.25 2 628
github.com/kardianos/rdb/ms/connection.go:1123.25,1125.41 2 0
github.com/kardianos/rdb/ms/connection.go:1125.41,1127.6 1 0
github.com/kardianos/rdb/ms/connection.go:1129.4,1131.37 3 628
github.com/kardianos/rdb/ms/connection.go:1134.3,1136.31 3 395
github.com/kardianos/rdb/ms/connection.go:1136.31,1138.4 1 628
github.com/kardianos/rdb/ms/connection.go:1139.3,1141.26 2 395
github.com/kardianos/rdb/ms/connection.go:1142.25,1143.64 1 242
github.com/kardianos/rdb/ms/connection.go:1144.21,1145.14 1 242
github.com/kardianos/rdb/ms/connection.go:1146.23,1147.14 1 516
github.com/kardianos/rdb/ms/connection.go:1148.17,1154.26 2 983
github.com/kardianos/rdb/ms/connection.go:1154.26,1156.4 1 492
github.com/kardianos/rdb/ms/connection.go:1157.3,1163.143 2 491
github.com/kardianos/rdb/ms/connection.go:1163.143,1169.4 1 13
github.com/kardianos/rdb/ms/connection.go:1170.3,1170.36 1 478
github.com/kardianos/rdb/ms/connection.go:1170.36,1172.4 1 456
github.com/kardianos/rdb/ms/connection.go:1173.3,1173.18 1 22
github.com/kardianos/rdb/ms/connection.go:1174.16,1175.34 1 843
github.com/kardianos/rdb/ms/connection.go:1175.34,1177.4 1 976
github.com/kardianos/rdb/ms/connection.go:1179.3,1179.23 1 843
github.com/kardianos/rdb/ms/connection.go:1180.19,1183.34 3 9
github.com/kardianos/rdb/ms/connection.go:1183.34,1184.40 1 9
github.com/kardianos/rdb/ms/connection.go:1184.40,1188.19 2 9
github.com/kardianos/rdb/ms/connection.go:1188.19,1189.35 1 1
github.com/kardianos/rdb/ms/connection.go:1191.5,1191.13 1 8
github.com/kardianos/rdb/ms/connection.go:1193.4,1193.69 1 0
github.com/kardianos/rdb/ms/connection.go:1196.3,1196.23 1 8
github.com/kardianos/rdb/ms/connection.go:1197.18,1201.39 3 3
github.com/kardianos/rdb/ms/connection.go:1201.39,1203.4 1 3
github.com/kardianos/rdb/ms/connection.go:1204.3,1204.20 1 3
github.com/kardianos/rdb/ms/connection.go:1205.22,1208.20 3 408
github.com/kardianos/rdb/ms/connection.go:1209.17,1211.18 2 14
github.com/kardianos/rdb/ms/connection.go:1212.11,1213.31 1 7
github.com/kardianos/rdb/ms/connection.go:1214.11,1215.65 1 7
github.com/kardianos/rdb/ms/connection.go:1216.12,1217.57 1 0
github.com/kardianos/rdb/ms/connection.go:1219.11,1221.71 1 0
github.com/kardianos/rdb/ms/connection.go:1222.11,1223.18 1 394
github.com/kardianos/rdb/ms/connection.go:1223.18,1225.5 1 0
github.com/kardianos/rdb/ms/connection.go:1226.4,1226.16 1 394
github.com/kardianos/rdb/ms/connection.go:1227.11,1228.16 1 0
github.com/kardianos/rdb/ms/connection.go:1232.3,1232.29 1 408
github.com/kardianos/rdb/ms/connection.go:1233.24,1245.17 4 4
github.com/kardianos/rdb/ms/connection.go:1246.13,1246.13 0 4
github.com/kardianos/rdb/ms/connection.go:1248.13,1248.13 0 0
github.com/kardianos/rdb/ms/connection.go:1250.11,1251.73 1 0
github.com/kardianos/rdb/ms/connection.go:1254.3,1260.82 5 4
github.com/kardianos/rdb/ms/connection.go:1260.82,1264.4 3 4
github.com/kardianos/rdb/ms/connection.go:1265.3,1267.35 2 4
github.com/kardianos/rdb/ms/connection.go:1267.35,1269.4 1 0
github.com/kardianos/rdb/ms/connection.go:1271.3,1272.17 2 4
github.com/kardianos/rdb/ms/connection.go:1272.17,1274.4 1 0
github.com/kardianos/rdb/ms/connection.go:1276.3,1276.30 1 4
github.com/kardianos/rdb/ms/connection.go:1277.10,1278.63 1 0
github.com/kardianos/rdb/ms/connection.go:1282.40,1322.2 15 21
github.com/kardianos/rdb/ms/connection.go:1324.41,1329.2 3 5618
github.com/kardianos/rdb/ms/driver.go:17.13,19.2 1 1
github.com/kardianos/rdb/ms/driver.go:23.84,25.47 2 22
github.com/kardianos/rdb/ms/driver.go:25.47,27.3 1 0
github.com/kardianos/rdb/ms/driver.go:29.2,30.17 2 22
github.com/kardianos/rdb/ms/driver.go:30.17,32.17 2 0
github.com/kardianos/rdb/ms/driver.go:32.17,34.4 1 0
github.com/kardianos/rdb/ms/driver.go:34.9,36.4 1 0
github.com/kardianos/rdb/ms/driver.go:38.2,51.16 4 22
github.com/kardianos/rdb/ms/driver.go:51.16,53.3 1 1
github.com/kardianos/rdb/ms/driver.go:55.2,58.16 3 21
github.com/kardianos/rdb/ms/driver.go:58.16,61.3 2 3
github.com/kardianos/rdb/ms/driver.go:63.2,63.17 1 18
github.com/kardianos/rdb/ms/driver.go:65.48,79.2 1 13
github.com/kardianos/rdb/ms/driver.go:86.46,88.2 1 16
github.com/kardianos/rdb/ms/errors.go:21.45,23.2 1 0
github.com/kardianos/rdb/ms/errors.go:29.40,31.2 1 0
github.com/kardianos/rdb/ms/message.go:65.105,74.48 4 21
github.com/kardianos/rdb/ms/message.go:74.48,79.3 1 63
github.com/kardianos/rdb/ms/message.go:81.2,87.23 6 21
github.com/kardianos/rdb/ms/message.go:87.23,89.3 1 0
github.com/kardianos/rdb/ms/message.go:91.2,97.30 5 21
github.com/kardianos/rdb/ms/message.go:97.30,103.17 6 63
github.com/kardianos/rdb/ms/message.go:103.17,105.4 1 0
github.com/kardianos/rdb/ms/message.go:107.2,108.16 2 21
github.com/kardianos/rdb/ms/message.go:108.16,110.3 1 0
github.com/kardianos/rdb/ms/message.go:112.2,113.16 2 21
github.com/kardianos/rdb/ms/message.go:113.16,115.3 1 0
github.com/kardianos/rdb/ms/message.go:117.2,118.16 2 21
github.com/kardianos/rdb/ms/message.go:118.16,120.3 1 0
github.com/kardianos/rdb/ms/message.go:122.2,122.12 1 21
github.com/kardianos/rdb/ms/message.go:144.39,146.2 1 0
github.com/kardianos/rdb/ms/message.go:148.83,152.33 3 21
github.com/kardianos/rdb/ms/message.go:152.33,154.3 1 1
github.com/kardianos/rdb/ms/message.go:155.2,167.6 5 20
github.com/kardianos/rdb/ms/message.go:167.6,168.20 1 80
github.com/kardianos/rdb/ms/message.go:168.20,169.9 1 0
github.com/kardianos/rdb/ms/message.go:171.3,172.30 2 80
github.com/kardianos/rdb/ms/message.go:172.30,173.9 1 20
github.com/kardianos/rdb/ms/message.go:175.3,175.22 1 60
github.com/kardianos/rdb/ms/message.go:175.22,176.9 1 0
github.com/kardianos/rdb/ms/message.go:178.3,183.10 2 60
github.com/kardianos/rdb/ms/message.go:185.2,186.24 2 20
github.com/kardianos/rdb/ms/message.go:186.24,189.14 3 60
github.com/kardianos/rdb/ms/message.go:190.13,191.32 1 20
github.com/kardianos/rdb/ms/message.go:192.13,193.44 1 20
github.com/kardianos/rdb/ms/message.go:194.13,195.44 1 0
github.com/kardianos/rdb/ms/message.go:196.13,196.13 0 0
github.com/kardianos/rdb/ms/message.go:198.13,199.19 1 20
github.com/kardianos/rdb/ms/message.go:199.19,201.5 1 0
github.com/kardianos/rdb/ms/message.go:202.11,202.11 0 0
github.com/kardianos/rdb/ms/message.go:207.2,207.16 1 20
github.com/kardianos/rdb/ms/message.go:211.79,254.34 5 18
github.com/kardianos/rdb/ms/message.go:254.34,256.3 1 0
github.com/kardianos/rdb/ms/message.go:258.2,272.55 6 18
github.com/kardianos/rdb/ms/message.go:272.55,274.10 2 108
github.com/kardianos/rdb/ms/message.go:274.10,276.4 1 108
github.com/kardianos/rdb/ms/message.go:277.3,280.18 4 108
github.com/kardianos/rdb/ms/message.go:284.2,288.34 4 18
github.com/kardianos/rdb/ms/message.go:288.34,290.3 1 482
github.com/kardianos/rdb/ms/message.go:291.2,304.19 7 18
github.com/kardianos/rdb/ms/message.go:304.19,308.3 3 0
github.com/kardianos/rdb/ms/message.go:312.2,338.23 21 18
github.com/kardianos/rdb/ms/message.go:338.23,339.12 1 252
github.com/kardianos/rdb/ms/message.go:339.12,342.12 3 36
github.com/kardianos/rdb/ms/message.go:344.3,344.20 1 216
github.com/kardianos/rdb/ms/message.go:344.20,346.4 1 108
github.com/kardianos/rdb/ms/message.go:347.3,351.19 5 216
github.com/kardianos/rdb/ms/message.go:351.19,353.4 1 72
github.com/kardianos/rdb/ms/message.go:355.3,355.24 1 216
github.com/kardianos/rdb/ms/message.go:358.2,361.16 3 18
github.com/kardianos/rdb/ms/message.go:361.16,363.3 1 0
github.com/kardianos/rdb/ms/message.go:365.2,366.16 2 18
github.com/kardianos/rdb/ms/message.go:366.16,368.3 1 0
github.com/kardianos/rdb/ms/message.go:370.2,370.12 1 18
github.com/kardianos/rdb/ms/message.go:373.77,378.33 3 18
github.com/kardianos/rdb/ms/message.go:378.33,380.3 1 0
github.com/kardianos/rdb/ms/message.go:381.2,382.18 2 18
github.com/kardianos/rdb/ms/message.go:382.18,384.3 1 0
github.com/kardianos/rdb/ms/message.go:386.2,389.28 4 18
github.com/kardianos/rdb/ms/message.go:389.28,390.26 1 0
github.com/kardianos/rdb/ms/message.go:390.26,423.4 25 0
github.com/kardianos/rdb/ms/message.go:424.3,424.79 1 0
github.com/kardianos/rdb/ms/message.go:427.2,433.17 4 18
github.com/kardianos/rdb/ms/message.go:433.17,435.3 1 18
github.com/kardianos/rdb/ms/message.go:436.2,455.16 13 18
github.com/kardianos/rdb/ms/result.go:36.37,37.26 1 0
github.com/kardianos/rdb/ms/result.go:37.26,39.3 1 0
github.com/kardianos/rdb/ms/result.go:40.2,42.31 2 0
github.com/kardianos/rdb/ms/result.go:42.31,44.3 1 0
github.com/kardianos/rdb/ms/result.go:45.2,45.31 1 0
github.com/kardianos/rdb/ms/result.go:45.31,47.3 1 0
github.com/kardianos/rdb/ms/result.go:48.2,48.31 1 0
github.com/kardianos/rdb/ms/result.go:48.31,50.3 1 0
github.com/kardianos/rdb/ms/result.go:51.2,51.31 1 0
github.com/kardianos/rdb/ms/result.go:51.31,53.3 1 0
github.com/kardianos/rdb/ms/result.go:54.2,54.31 1 0
github.com/kardianos/rdb/ms/result.go:54.31,56.3 1 0
github.com/kardianos/rdb/ms/result.go:57.2,57.32 1 0
github.com/kardianos/rdb/ms/result.go:57.32,59.3 1 0
github.com/kardianos/rdb/ms/result.go:60.2,60.21 1 0
github.com/kardianos/rdb/ms/result.go:60.21,61.58 1 0
github.com/kardianos/rdb/ms/result.go:63.2,63.35 1 0
github.com/kardianos/rdb/ms/result.go:65.37,67.2 1 0
github.com/kardianos/rdb/ms/result.go:68.36,70.2 1 0
github.com/kardianos/rdb/ms/tdsMessage.go:84.57,90.2 1 39
github.com/kardianos/rdb/ms/tdsMessage.go:92.101,94.16 2 758
github.com/kardianos/rdb/ms/tdsMessage.go:94.16,96.3 1 0
github.com/kardianos/rdb/ms/tdsMessage.go:97.2,103.12 6 758
github.com/kardianos/rdb/ms/tdsMessage.go:106.83,108.2 1 268
github.com/kardianos/rdb/ms/tdsMessage.go:110.56,113.2 2 3612883
github.com/kardianos/rdb/ms/tdsMessage.go:114.52,117.2 2 1223821
github.com/kardianos/rdb/ms/tdsMessage.go:118.56,123.2 4 3601840
github.com/kardianos/rdb/ms/tdsMessage.go:124.56,129.2 4 21154
github.com/kardianos/rdb/ms/tdsMessage.go:130.56,135.2 4 20604
github.com/kardianos/rdb/ms/tdsMessage.go:137.64,138.15 1 717
github.com/kardianos/rdb/ms/tdsMessage.go:138.15,141.3 2 0
github.com/kardianos/rdb/ms/tdsMessage.go:142.2,143.12 2 717
github.com/kardianos/rdb/ms/tdsMessage.go:148.101,156.6 5 1023
github.com/kardianos/rdb/ms/tdsMessage.go:156.6,158.22 2 14537
github.com/kardianos/rdb/ms/tdsMessage.go:158.22,161.4 2 397
github.com/kardianos/rdb/ms/tdsMessage.go:163.3,164.44 2 14537
github.com/kardianos/rdb/ms/tdsMessage.go:164.44,165.21 1 1023
github.com/kardianos/rdb/ms/tdsMessage.go:165.21,167.5 1 268
github.com/kardianos/rdb/ms/tdsMessage.go:168.4,170.20 3 755
github.com/kardianos/rdb/ms/tdsMessage.go:173.3,200.17 11 14269
github.com/kardianos/rdb/ms/tdsMessage.go:200.17,203.4 2 0
github.com/kardianos/rdb/ms/tdsMessage.go:205.3,205.15 1 14269
github.com/kardianos/rdb/ms/tdsMessage.go:205.15,206.36 1 14269
github.com/kardianos/rdb/ms/tdsMessage.go:206.36,208.5 1 0
github.com/kardianos/rdb/ms/tdsMessage.go:209.4,210.18 2 14269
github.com/kardianos/rdb/ms/tdsMessage.go:210.18,213.5 2 0
github.com/kardianos/rdb/ms/tdsMessage.go:214.4,217.18 4 14269
github.com/kardianos/rdb/ms/tdsMessage.go:217.18,218.47 1 0
github.com/kardianos/rdb/ms/tdsMessage.go:218.47,220.23 2 0
github.com/kardianos/rdb/ms/tdsMessage.go:220.23,221.12 1 0
github.com/kardianos/rdb/ms/tdsMessage.go:223.6,223.14 1 0
github.com/kardianos/rdb/ms/tdsMessage.go:225.5,226.21 2 0
github.com/kardianos/rdb/ms/tdsMessage.go:228.4,228.21 1 14269
github.com/kardianos/rdb/ms/tdsMessage.go:228.21,229.10 1 14269
github.com/kardianos/rdb/ms/tdsMessage.go:232.3,232.28 1 14269
github.com/kardianos/rdb/ms/tdsMessage.go:232.28,235.4 2 755
github.com/kardianos/rdb/ms/tdsMessage.go:244.64,248.2 1 39
github.com/kardianos/rdb/ms/tdsMessage.go:250.96,255.2 1 700
github.com/kardianos/rdb/ms/tdsMessage.go:268.68,270.20 2 1310
github.com/kardianos/rdb/ms/tdsMessage.go:270.20,273.3 2 611
github.com/kardianos/rdb/ms/tdsMessage.go:274.2,278.16 4 1310
github.com/kardianos/rdb/ms/tdsMessage.go:278.16,280.3 1 1
github.com/kardianos/rdb/ms/tdsMessage.go:282.2,282.31 1 1309
github.com/kardianos/rdb/ms/tdsMessage.go:282.31,284.17 2 0
github.com/kardianos/rdb/ms/tdsMessage.go:284.17,288.4 3 0
github.com/kardianos/rdb/ms/tdsMessage.go:289.3,292.4 1 0
github.com/kardianos/rdb/ms/tdsMessage.go:294.2,295.35 2 1309
github.com/kardianos/rdb/ms/tdsMessage.go:295.35,297.3 1 753
github.com/kardianos/rdb/ms/tdsMessage.go:298.2,298.16 1 1309
github.com/kardianos/rdb/ms/tdsMessage.go:298.16,301.3 2 0
github.com/kardianos/rdb/ms/tdsMessage.go:302.2,305.31 3 1309
github.com/kardianos/rdb/ms/tdsMessage.go:305.31,306.35 1 0
github.com/kardianos/rdb/ms/tdsMessage.go:308.2,309.16 2 1309
github.com/kardianos/rdb/ms/tdsMessage.go:309.16,313.3 3 0
github.com/kardianos/rdb/ms/tdsMessage.go:314.2,314.16 1 1309
github.com/kardianos/rdb/ms/tdsMessage.go:314.16,316.3 1 0
github.com/kardianos/rdb/ms/tdsMessage.go:317.2,317.15 1 1309
github.com/kardianos/rdb/ms/tdsMessage.go:317.15,319.3 1 753
github.com/kardianos/rdb/ms/tdsMessage.go:320.2,320.16 1 1309
github.com/kardianos/rdb/ms/tdsMessage.go:322.40,323.35 1 712
github.com/kardianos/rdb/ms/tdsMessage.go:323.35,325.3 1 17
github.com/kardianos/rdb/ms/tdsMessage.go:326.2,327.20 2 695
github.com/kardianos/rdb/ms/tdsMessage.go:327.20,330.3 2 678
github.com/kardianos/rdb/ms/tdsMessage.go:331.2,331.12 1 695
github.com/kardianos/rdb/ms/tdsMessage.go:334.79,336.16 2 0
github.com/kardianos/rdb/ms/tdsMessage.go:336.16,338.3 1 0
github.com/kardianos/rdb/ms/tdsMessage.go:339.2,339.31 1 0
github.com/kardianos/rdb/ms/tdsMessage.go:342.77,343.14 1 1855
github.com/kardianos/rdb/ms/tdsMessage.go:343.14,345.3 1 0
github.com/kardianos/rdb/ms/tdsMessage.go:347.2,348.25 2 1855
github.com/kardianos/rdb/ms/tdsMessage.go:348.25,350.3 1 1732
github.com/kardianos/rdb/ms/tdsMessage.go:351.2,351.17 1 123
github.com/kardianos/rdb/ms/tdsMessage.go:351.17,353.3 1 123
github.com/kardianos/rdb/ms/tdsMessage.go:354.2,354.25 1 0
github.com/kardianos/rdb/ms/tdsMessage.go:354.25,356.17 2 0
github.com/kardianos/rdb/ms/tdsMessage.go:356.17,358.4 1 0
github.com/kardianos/rdb/ms/tdsMessage.go:360.2,360.26 1 0
github.com/kardianos/rdb/ms/tdsMessage.go:363.57,364.17 1 1233
github.com/kardianos/rdb/ms/tdsMessage.go:364.17,366.3 1 0
github.com/kardianos/rdb/ms/tdsMessage.go:367.2,368.16 2 1233
github.com/kardianos/rdb/ms/tdsMessage.go:368.16,369.20 1 677
github.com/kardianos/rdb/ms/tdsMessage.go:369.20,371.4 1 0
github.com/kardianos/rdb/ms/tdsMessage.go:372.3,372.21 1 677
github.com/kardianos/rdb/ms/tdsMessage.go:375.2,378.25 4 1233
github.com/kardianos/rdb/ms/tdsMessage.go:378.25,380.3 1 1229
github.com/kardianos/rdb/ms/tdsMessage.go:380.8,382.3 1 4
github.com/kardianos/rdb/ms/tdsMessage.go:383.2,383.12 1 1233
github.com/kardianos/rdb/ms/tdsMessage.go:385.83,386.14 1 14855
github.com/kardianos/rdb/ms/tdsMessage.go:386.14,388.3 1 0
github.com/kardianos/rdb/ms/tdsMessage.go:389.2,389.12 1 14855
github.com/kardianos/rdb/ms/tdsMessage.go:389.12,391.3 1 132
github.com/kardianos/rdb/ms/tdsMessage.go:392.2,392.25 1 14723
github.com/kardianos/rdb/ms/tdsMessage.go:392.25,396.3 3 13293
github.com/kardianos/rdb/ms/tdsMessage.go:397.2,397.17 1 1430
github.com/kardianos/rdb/ms/tdsMessage.go:397.17,399.3 1 197
github.com/kardianos/rdb/ms/tdsMessage.go:400.2,400.25 1 1233
github.com/kardianos/rdb/ms/tdsMessage.go:400.25,402.17 2 1233
github.com/kardianos/rdb/ms/tdsMessage.go:402.17,404.4 1 0
github.com/kardianos/rdb/ms/tdsMessage.go:406.2,408.17 3 1233
github.com/kardianos/rdb/ms/tdstoken_string.go:41.35,42.9 1 0
github.com/kardianos/rdb/ms/tdstoken_string.go:43.16,44.26 1 0
github.com/kardianos/rdb/ms/tdstoken_string.go:45.16,46.26 1 0
github.com/kardianos/rdb/ms/tdstoken_string.go:47.28,49.71 2 0
github.com/kardianos/rdb/ms/tdstoken_string.go:50.28,52.71 2 0
github.com/kardianos/rdb/ms/tdstoken_string.go:53.16,54.26 1 0
github.com/kardianos/rdb/ms/tdstoken_string.go:55.28,57.71 2 0
github.com/kardianos/rdb/ms/tdstoken_string.go:58.10,59.61 1 0
github.com/kardianos/rdb/ms/types.go:213.41,214.43 1 0
github.com/kardianos/rdb/ms/types.go:214.43,216.3 1 0
github.com/kardianos/rdb/ms/types.go:217.2,217.57 1 0
github.com/kardianos/rdb/ms/types.go:226.55,229.2 2 3611599
github.com/kardianos/rdb/ms/types.go:231.57,233.9 2 383
github.com/kardianos/rdb/ms/types.go:234.19,235.75 1 22
github.com/kardianos/rdb/ms/types.go:236.18,237.26 1 140
github.com/kardianos/rdb/ms/types.go:237.26,239.4 1 39
github.com/kardianos/rdb/ms/types.go:240.3,240.56 1 101
github.com/kardianos/rdb/ms/types.go:241.10,242.19 1 221
github.com/kardianos/rdb/ms/types.go:246.49,248.9 2 23
github.com/kardianos/rdb/ms/types.go:249.24,250.20 1 3
github.com/kardianos/rdb/ms/types.go:251.26,252.20 1 7
github.com/kardianos/rdb/ms/types.go:253.26,254.21 1 3
github.com/kardianos/rdb/ms/types.go:255.26,256.21 1 10
github.com/kardianos/rdb/ms/types.go:257.10,258.73 1 0
github.com/kardianos/rdb/ms/types.go:262.30,265.12 3 38
github.com/kardianos/rdb/ms/types.go:265.12,269.3 3 125
github.com/kardianos/rdb/ms/types.go:272.31,274.40 2 58
github.com/kardianos/rdb/ms/types.go:274.40,276.3 1 270
github.com/kardianos/rdb/ms/types.go:277.2,277.13 1 58
